<?xml version="1.0" encoding="UTF-8"?>
<coverage generated="1787148780349" clover="3.2.0">
  <project timestamp="1787148780349" name="All files">
    <metrics statements="177" coveredstatements="177" conditionals="86" coveredconditionals="86" methods="75" coveredmethods="75" elements="338" coveredelements="338" complexity="0" loc="177" ncloc="177" packages="1" files="8" classes="8"/>
    <file name="api.js" path="C:\Users\Amalitech\Desktop\LABS\Amalitech-Apprenticeship-specialization-labs\FEM_07_(testing basics)_TaskManagerAPI\src\api.js">
      <metrics statements="36" coveredstatements="36" conditionals="15" coveredconditionals="15" methods="11" coveredmethods="11"/>
      <line num="5" count="2" type="stmt"/>
      <line num="9" count="28" type="stmt"/>
      <line num="10" count="28" type="stmt"/>
      <line num="13" count="28" type="stmt"/>
      <line num="14" count="28" type="stmt"/>
      <line num="15" count="28" type="stmt"/>
      <line num="17" count="18" type="stmt"/>
      <line num="23" count="46" type="stmt"/>
      <line num="26" count="46" type="stmt"/>
      <line num="27" count="46" type="stmt"/>
      <line num="29" count="2" type="stmt"/>
      <line num="32" count="44" type="cond" truecount="2" falsecount="0"/>
      <line num="33" count="5" type="stmt"/>
      <line num="39" count="39" type="stmt"/>
      <line num="40" count="39" type="stmt"/>
      <line num="42" count="1" type="stmt"/>
      <line num="47" count="18" type="stmt"/>
      <line num="48" count="11" type="cond" truecount="2" falsecount="0"/>
      <line num="52" count="11" type="stmt"/>
      <line num="53" count="10" type="cond" truecount="2" falsecount="0"/>
      <line num="57" count="17" type="stmt"/>
      <line num="58" count="17" type="cond" truecount="2" falsecount="0"/>
      <line num="63" count="8" type="stmt"/>
      <line num="64" count="7" type="stmt"/>
      <line num="71" count="4" type="stmt"/>
      <line num="73" count="12" type="stmt"/>
      <line num="76" count="4" type="stmt"/>
      <line num="77" count="12" type="stmt"/>
      <line num="78" count="12" type="stmt"/>
      <line num="84" count="3" type="stmt"/>
      <line num="85" count="3" type="stmt"/>
      <line num="87" count="2" type="cond" truecount="2" falsecount="0"/>
      <line num="88" count="1" type="stmt"/>
      <line num="90" count="1" type="stmt"/>
      <line num="93" count="2" type="cond" truecount="2" falsecount="0"/>
      <line num="94" count="1" type="stmt"/>
    </file>
    <file name="cache.js" path="C:\Users\Amalitech\Desktop\LABS\Amalitech-Apprenticeship-specialization-labs\FEM_07_(testing basics)_TaskManagerAPI\src\cache.js">
      <metrics statements="22" coveredstatements="22" conditionals="4" coveredconditionals="4" methods="9" coveredmethods="9"/>
      <line num="6" count="38" type="stmt"/>
      <line num="7" count="38" type="stmt"/>
      <line num="8" count="38" type="stmt"/>
      <line num="10" count="38" type="stmt"/>
      <line num="12" count="3" type="stmt"/>
      <line num="15" count="60" type="cond" truecount="2" falsecount="0"/>
      <line num="16" count="8" type="stmt"/>
      <line num="17" count="8" type="stmt"/>
      <line num="19" count="52" type="stmt"/>
      <line num="20" count="52" type="stmt"/>
      <line num="23" count="48" type="stmt"/>
      <line num="24" count="48" type="stmt"/>
      <line num="27" count="1" type="stmt"/>
      <line num="30" count="2" type="stmt"/>
      <line num="33" count="4" type="stmt"/>
      <line num="39" count="88" type="stmt"/>
      <line num="40" count="57" type="stmt"/>
      <line num="41" count="57" type="stmt"/>
      <line num="42" count="57" type="cond" truecount="2" falsecount="0"/>
      <line num="43" count="51" type="stmt"/>
      <line num="44" count="43" type="stmt"/>
      <line num="45" count="43" type="stmt"/>
    </file>
    <file name="errors.js" path="C:\Users\Amalitech\Desktop\LABS\Amalitech-Apprenticeship-specialization-labs\FEM_07_(testing basics)_TaskManagerAPI\src\errors.js">
      <metrics statements="8" coveredstatements="8" conditionals="3" coveredconditionals="3" methods="2" coveredmethods="2"/>
      <line num="6" count="13" type="stmt"/>
      <line num="7" count="13" type="stmt"/>
      <line num="8" count="13" type="stmt"/>
      <line num="9" count="13" type="stmt"/>
      <line num="10" count="13" type="cond" truecount="2" falsecount="0"/>
      <line num="16" count="1" type="stmt"/>
      <line num="17" count="1" type="stmt"/>
      <line num="18" count="1" type="stmt"/>
    </file>
    <file name="exporter.js" path="C:\Users\Amalitech\Desktop\LABS\Amalitech-Apprenticeship-specialization-labs\FEM_07_(testing basics)_TaskManagerAPI\src\exporter.js">
      <metrics statements="4" coveredstatements="4" conditionals="4" coveredconditionals="4" methods="1" coveredmethods="1"/>
      <line num="7" count="2" type="stmt"/>
      <line num="14" count="2" type="stmt"/>
      <line num="15" count="2" type="stmt"/>
      <line num="16" count="2" type="stmt"/>
    </file>
    <file name="models.js" path="C:\Users\Amalitech\Desktop\LABS\Amalitech-Apprenticeship-specialization-labs\FEM_07_(testing basics)_TaskManagerAPI\src\models.js">
      <metrics statements="37" coveredstatements="37" conditionals="32" coveredconditionals="32" methods="17" coveredmethods="17"/>
      <line num="3" count="260" type="cond" truecount="4" falsecount="0"/>
      <line num="4" count="6" type="stmt"/>
      <line num="6" count="254" type="stmt"/>
      <line num="7" count="254" type="stmt"/>
      <line num="8" count="254" type="stmt"/>
      <line num="9" count="254" type="stmt"/>
      <line num="13" count="8" type="stmt"/>
      <line num="14" count="8" type="stmt"/>
      <line num="19" count="1" type="stmt"/>
      <line num="23" count="3" type="cond" truecount="2" falsecount="0"/>
      <line num="27" count="7" type="stmt"/>
      <line num="28" count="7" type="stmt"/>
      <line num="32" count="5" type="stmt"/>
      <line num="36" count="208" type="stmt"/>
      <line num="37" count="206" type="stmt"/>
      <line num="38" count="206" type="cond" truecount="2" falsecount="0"/>
      <line num="42" count="41" type="cond" truecount="4" falsecount="0"/>
      <line num="43" count="18" type="stmt"/>
      <line num="47" count="28" type="cond" truecount="2" falsecount="0"/>
      <line num="52" count="4" type="cond" truecount="2" falsecount="0"/>
      <line num="53" count="3" type="cond" truecount="2" falsecount="0"/>
      <line num="54" count="1" type="stmt"/>
      <line num="58" count="4" type="stmt"/>
      <line num="64" count="31" type="stmt"/>
      <line num="65" count="31" type="stmt"/>
      <line num="66" count="31" type="stmt"/>
      <line num="67" count="31" type="stmt"/>
      <line num="71" count="41" type="stmt"/>
      <line num="72" count="41" type="stmt"/>
      <line num="76" count="8" type="cond" truecount="2" falsecount="0"/>
      <line num="77" count="12" type="cond" truecount="2" falsecount="0"/>
      <line num="78" count="7" type="stmt"/>
      <line num="82" count="4" type="cond" truecount="2" falsecount="0"/>
      <line num="83" count="3" type="stmt"/>
      <line num="84" count="4" type="stmt"/>
      <line num="88" count="3" type="stmt"/>
      <line num="89" count="3" type="stmt"/>
    </file>
    <file name="rateLimiter.js" path="C:\Users\Amalitech\Desktop\LABS\Amalitech-Apprenticeship-specialization-labs\FEM_07_(testing basics)_TaskManagerAPI\src\rateLimiter.js">
      <metrics statements="9" coveredstatements="9" conditionals="3" coveredconditionals="3" methods="2" coveredmethods="2"/>
      <line num="8" count="9" type="stmt"/>
      <line num="9" count="9" type="stmt"/>
      <line num="12" count="51" type="stmt"/>
      <line num="13" count="51" type="cond" truecount="2" falsecount="0"/>
      <line num="14" count="33" type="stmt"/>
      <line num="15" count="33" type="stmt"/>
      <line num="18" count="9" type="stmt"/>
      <line num="19" count="9" type="stmt"/>
      <line num="21" count="9" type="stmt"/>
    </file>
    <file name="taskManager.js" path="C:\Users\Amalitech\Desktop\LABS\Amalitech-Apprenticeship-specialization-labs\FEM_07_(testing basics)_TaskManagerAPI\src\taskManager.js">
      <metrics statements="23" coveredstatements="23" conditionals="3" coveredconditionals="3" methods="12" coveredmethods="12"/>
      <line num="5" count="1" type="stmt"/>
      <line num="11" count="23" type="stmt"/>
      <line num="15" count="23" type="stmt"/>
      <line num="16" count="23" type="stmt"/>
      <line num="17" count="23" type="stmt"/>
      <line num="18" count="23" type="stmt"/>
      <line num="26" count="8" type="stmt"/>
      <line num="27" count="8" type="stmt"/>
      <line num="28" count="8" type="stmt"/>
      <line num="32" count="8" type="stmt"/>
      <line num="34" count="7" type="stmt"/>
      <line num="35" count="15" type="stmt"/>
      <line num="38" count="7" type="stmt"/>
      <line num="39" count="23" type="stmt"/>
      <line num="47" count="23" type="stmt"/>
      <line num="48" count="23" type="stmt"/>
      <line num="51" count="7" type="stmt"/>
      <line num="55" count="3" type="stmt"/>
      <line num="59" count="1" type="stmt"/>
      <line num="63" count="1" type="stmt"/>
      <line num="67" count="7" type="stmt"/>
      <line num="73" count="4" type="stmt"/>
      <line num="74" count="2" type="stmt"/>
    </file>
    <file name="taskProcessor.js" path="C:\Users\Amalitech\Desktop\LABS\Amalitech-Apprenticeship-specialization-labs\FEM_07_(testing basics)_TaskManagerAPI\src\taskProcessor.js">
      <metrics statements="38" coveredstatements="38" conditionals="22" coveredconditionals="22" methods="21" coveredmethods="21"/>
      <line num="4" count="3" type="cond" truecount="1" falsecount="0"/>
      <line num="5" count="5" type="cond" truecount="2" falsecount="0"/>
      <line num="6" count="4" type="stmt"/>
      <line num="7" count="12" type="stmt"/>
      <line num="10" count="11" type="stmt"/>
      <line num="12" count="8" type="stmt"/>
      <line num="14" count="3" type="cond" truecount="1" falsecount="0"/>
      <line num="15" count="7" type="stmt"/>
      <line num="16" count="7" type="cond" truecount="2" falsecount="0"/>
      <line num="17" count="15" type="stmt"/>
      <line num="20" count="3" type="stmt"/>
      <line num="21" count="13" type="stmt"/>
      <line num="22" count="38" type="stmt"/>
      <line num="23" count="13" type="stmt"/>
      <line num="24" count="13" type="cond" truecount="2" falsecount="0"/>
      <line num="26" count="13" type="stmt"/>
      <line num="27" count="38" type="cond" truecount="2" falsecount="0"/>
      <line num="28" count="38" type="cond" truecount="2" falsecount="0"/>
      <line num="29" count="38" type="stmt"/>
      <line num="32" count="38" type="cond" truecount="2" falsecount="0"/>
      <line num="34" count="13" type="stmt"/>
      <line num="37" count="3" type="stmt"/>
      <line num="38" count="3" type="stmt"/>
      <line num="39" count="8" type="cond" truecount="2" falsecount="0"/>
      <line num="40" count="8" type="stmt"/>
      <line num="41" count="8" type="stmt"/>
      <line num="42" count="8" type="stmt"/>
      <line num="45" count="3" type="stmt"/>
      <line num="46" count="9" type="stmt"/>
      <line num="50" count="3" type="stmt"/>
      <line num="51" count="8" type="stmt"/>
      <line num="52" count="34" type="stmt"/>
      <line num="53" count="32" type="stmt"/>
      <line num="54" count="32" type="cond" truecount="2" falsecount="0"/>
      <line num="56" count="6" type="stmt"/>
      <line num="59" count="13" type="cond" truecount="4" falsecount="0"/>
      <line num="60" count="14" type="stmt"/>
      <line num="61" count="7" type="stmt"/>
    </file>
  </project>
</coverage>
