{"C:\\Users\\Amalitech\\Desktop\\LABS\\Amalitech-Apprenticeship-specialization-labs\\FEM_07_(testing basics)_TaskManagerAPI\\src\\api.js": {"path":"C:\\Users\\Amalitech\\Desktop\\LABS\\Amalitech-Apprenticeship-specialization-labs\\FEM_07_(testing basics)_TaskManagerAPI\\src\\api.js","statementMap":{"0":{"start":{"line":5,"column":25},"end":{"line":5,"column":63}},"1":{"start":{"line":9,"column":4},"end":{"line":9,"column":27}},"2":{"start":{"line":10,"column":4},"end":{"line":10,"column":31}},"3":{"start":{"line":13,"column":4},"end":{"line":13,"column":91}},"4":{"start":{"line":13,"column":50},"end":{"line":13,"column":57}},"5":{"start":{"line":14,"column":4},"end":{"line":14,"column":91}},"6":{"start":{"line":14,"column":50},"end":{"line":14,"column":57}},"7":{"start":{"line":15,"column":4},"end":{"line":19,"column":6}},"8":{"start":{"line":17,"column":18},"end":{"line":17,"column":39}},"9":{"start":{"line":23,"column":16},"end":{"line":23,"column":40}},"10":{"start":{"line":26,"column":4},"end":{"line":30,"column":5}},"11":{"start":{"line":27,"column":6},"end":{"line":27,"column":34}},"12":{"start":{"line":29,"column":6},"end":{"line":29,"column":92}},"13":{"start":{"line":32,"column":4},"end":{"line":37,"column":5}},"14":{"start":{"line":33,"column":6},"end":{"line":36,"column":9}},"15":{"start":{"line":39,"column":4},"end":{"line":43,"column":5}},"16":{"start":{"line":40,"column":6},"end":{"line":40,"column":35}},"17":{"start":{"line":42,"column":6},"end":{"line":42,"column":89}},"18":{"start":{"line":47,"column":17},"end":{"line":47,"column":46}},"19":{"start":{"line":48,"column":4},"end":{"line":48,"column":43}},"20":{"start":{"line":52,"column":17},"end":{"line":52,"column":46}},"21":{"start":{"line":53,"column":4},"end":{"line":53,"column":43}},"22":{"start":{"line":57,"column":17},"end":{"line":57,"column":62}},"23":{"start":{"line":58,"column":4},"end":{"line":58,"column":43}},"24":{"start":{"line":63,"column":27},"end":{"line":63,"column":84}},"25":{"start":{"line":64,"column":4},"end":{"line":64,"column":28}},"26":{"start":{"line":71,"column":20},"end":{"line":75,"column":5}},"27":{"start":{"line":73,"column":18},"end":{"line":73,"column":45}},"28":{"start":{"line":76,"column":4},"end":{"line":79,"column":18}},"29":{"start":{"line":77,"column":6},"end":{"line":77,"column":38}},"30":{"start":{"line":78,"column":6},"end":{"line":78,"column":17}},"31":{"start":{"line":84,"column":16},"end":{"line":84,"column":39}},"32":{"start":{"line":85,"column":4},"end":{"line":95,"column":9}},"33":{"start":{"line":87,"column":8},"end":{"line":89,"column":9}},"34":{"start":{"line":88,"column":10},"end":{"line":88,"column":112}},"35":{"start":{"line":90,"column":8},"end":{"line":90,"column":31}},"36":{"start":{"line":93,"column":8},"end":{"line":93,"column":51}},"37":{"start":{"line":93,"column":39},"end":{"line":93,"column":51}},"38":{"start":{"line":94,"column":8},"end":{"line":94,"column":76}}},"fnMap":{"0":{"name":"(anonymous_0)","decl":{"start":{"line":8,"column":2},"end":{"line":8,"column":3}},"loc":{"start":{"line":8,"column":42},"end":{"line":20,"column":3}},"line":8},"1":{"name":"(anonymous_1)","decl":{"start":{"line":13,"column":44},"end":{"line":13,"column":45}},"loc":{"start":{"line":13,"column":50},"end":{"line":13,"column":57}},"line":13},"2":{"name":"(anonymous_2)","decl":{"start":{"line":14,"column":44},"end":{"line":14,"column":45}},"loc":{"start":{"line":14,"column":50},"end":{"line":14,"column":57}},"line":14},"3":{"name":"(anonymous_3)","decl":{"start":{"line":17,"column":6},"end":{"line":17,"column":7}},"loc":{"start":{"line":17,"column":18},"end":{"line":17,"column":39}},"line":17},"4":{"name":"(anonymous_4)","decl":{"start":{"line":62,"column":2},"end":{"line":62,"column":3}},"loc":{"start":{"line":62,"column":19},"end":{"line":65,"column":3}},"line":62},"5":{"name":"(anonymous_5)","decl":{"start":{"line":70,"column":2},"end":{"line":70,"column":3}},"loc":{"start":{"line":70,"column":62},"end":{"line":80,"column":3}},"line":70},"6":{"name":"(anonymous_6)","decl":{"start":{"line":73,"column":6},"end":{"line":73,"column":7}},"loc":{"start":{"line":73,"column":18},"end":{"line":73,"column":45}},"line":73},"7":{"name":"(anonymous_7)","decl":{"start":{"line":76,"column":26},"end":{"line":76,"column":27}},"loc":{"start":{"line":76,"column":50},"end":{"line":79,"column":5}},"line":76},"8":{"name":"(anonymous_8)","decl":{"start":{"line":83,"column":2},"end":{"line":83,"column":3}},"loc":{"start":{"line":83,"column":27},"end":{"line":96,"column":3}},"line":83},"9":{"name":"(anonymous_9)","decl":{"start":{"line":86,"column":12},"end":{"line":86,"column":13}},"loc":{"start":{"line":86,"column":26},"end":{"line":91,"column":7}},"line":86},"10":{"name":"(anonymous_10)","decl":{"start":{"line":92,"column":13},"end":{"line":92,"column":14}},"loc":{"start":{"line":92,"column":24},"end":{"line":95,"column":7}},"line":92}},"branchMap":{"0":{"loc":{"start":{"line":8,"column":14},"end":{"line":8,"column":40}},"type":"default-arg","locations":[{"start":{"line":8,"column":24},"end":{"line":8,"column":40}}],"line":8},"1":{"loc":{"start":{"line":32,"column":4},"end":{"line":37,"column":5}},"type":"if","locations":[{"start":{"line":32,"column":4},"end":{"line":37,"column":5}},{"start":{},"end":{}}],"line":32},"2":{"loc":{"start":{"line":48,"column":11},"end":{"line":48,"column":42}},"type":"cond-expr","locations":[{"start":{"line":48,"column":33},"end":{"line":48,"column":37}},{"start":{"line":48,"column":40},"end":{"line":48,"column":42}}],"line":48},"3":{"loc":{"start":{"line":53,"column":11},"end":{"line":53,"column":42}},"type":"cond-expr","locations":[{"start":{"line":53,"column":33},"end":{"line":53,"column":37}},{"start":{"line":53,"column":40},"end":{"line":53,"column":42}}],"line":53},"4":{"loc":{"start":{"line":58,"column":11},"end":{"line":58,"column":42}},"type":"cond-expr","locations":[{"start":{"line":58,"column":33},"end":{"line":58,"column":37}},{"start":{"line":58,"column":40},"end":{"line":58,"column":42}}],"line":58},"5":{"loc":{"start":{"line":70,"column":36},"end":{"line":70,"column":60}},"type":"default-arg","locations":[{"start":{"line":70,"column":58},"end":{"line":70,"column":60}}],"line":70},"6":{"loc":{"start":{"line":70,"column":38},"end":{"line":70,"column":53}},"type":"default-arg","locations":[{"start":{"line":70,"column":52},"end":{"line":70,"column":53}}],"line":70},"7":{"loc":{"start":{"line":87,"column":8},"end":{"line":89,"column":9}},"type":"if","locations":[{"start":{"line":87,"column":8},"end":{"line":89,"column":9}},{"start":{},"end":{}}],"line":87},"8":{"loc":{"start":{"line":93,"column":8},"end":{"line":93,"column":51}},"type":"if","locations":[{"start":{"line":93,"column":8},"end":{"line":93,"column":51}},{"start":{},"end":{}}],"line":93}},"s":{"0":2,"1":28,"2":28,"3":28,"4":19,"5":28,"6":11,"7":28,"8":18,"9":46,"10":46,"11":46,"12":2,"13":44,"14":5,"15":39,"16":39,"17":1,"18":18,"19":11,"20":11,"21":10,"22":17,"23":17,"24":8,"25":7,"26":4,"27":12,"28":4,"29":12,"30":12,"31":3,"32":3,"33":2,"34":1,"35":1,"36":2,"37":1,"38":1},"f":{"0":28,"1":19,"2":11,"3":18,"4":8,"5":4,"6":12,"7":12,"8":3,"9":2,"10":2},"b":{"0":[7],"1":[5,39],"2":[10,1],"3":[9,1],"4":[16,1],"5":[1],"6":[1],"7":[1,1],"8":[1,1]},"_coverageSchema":"1a1c01bbd47fc00a2c39e90264f33305004495a9","hash":"a240999442967e84239ccd490b7b906707263b3f"}
,"C:\\Users\\Amalitech\\Desktop\\LABS\\Amalitech-Apprenticeship-specialization-labs\\FEM_07_(testing basics)_TaskManagerAPI\\src\\cache.js": {"path":"C:\\Users\\Amalitech\\Desktop\\LABS\\Amalitech-Apprenticeship-specialization-labs\\FEM_07_(testing basics)_TaskManagerAPI\\src\\cache.js","statementMap":{"0":{"start":{"line":6,"column":16},"end":{"line":6,"column":25}},"1":{"start":{"line":7,"column":17},"end":{"line":7,"column":18}},"2":{"start":{"line":8,"column":18},"end":{"line":8,"column":19}},"3":{"start":{"line":10,"column":2},"end":{"line":35,"column":4}},"4":{"start":{"line":12,"column":6},"end":{"line":12,"column":28}},"5":{"start":{"line":15,"column":6},"end":{"line":18,"column":7}},"6":{"start":{"line":16,"column":8},"end":{"line":16,"column":22}},"7":{"start":{"line":17,"column":8},"end":{"line":17,"column":30}},"8":{"start":{"line":19,"column":6},"end":{"line":19,"column":21}},"9":{"start":{"line":20,"column":6},"end":{"line":20,"column":23}},"10":{"start":{"line":23,"column":6},"end":{"line":23,"column":28}},"11":{"start":{"line":24,"column":6},"end":{"line":24,"column":19}},"12":{"start":{"line":27,"column":6},"end":{"line":27,"column":20}},"13":{"start":{"line":30,"column":6},"end":{"line":30,"column":24}},"14":{"start":{"line":33,"column":6},"end":{"line":33,"column":69}},"15":{"start":{"line":39,"column":2},"end":{"line":46,"column":4}},"16":{"start":{"line":40,"column":16},"end":{"line":40,"column":30}},"17":{"start":{"line":41,"column":19},"end":{"line":41,"column":33}},"18":{"start":{"line":42,"column":4},"end":{"line":42,"column":44}},"19":{"start":{"line":42,"column":30},"end":{"line":42,"column":44}},"20":{"start":{"line":43,"column":19},"end":{"line":43,"column":36}},"21":{"start":{"line":44,"column":4},"end":{"line":44,"column":27}},"22":{"start":{"line":45,"column":4},"end":{"line":45,"column":18}}},"fnMap":{"0":{"name":"createCache","decl":{"start":{"line":5,"column":16},"end":{"line":5,"column":27}},"loc":{"start":{"line":5,"column":30},"end":{"line":36,"column":1}},"line":5},"1":{"name":"(anonymous_1)","decl":{"start":{"line":11,"column":4},"end":{"line":11,"column":5}},"loc":{"start":{"line":11,"column":13},"end":{"line":13,"column":5}},"line":11},"2":{"name":"(anonymous_2)","decl":{"start":{"line":14,"column":4},"end":{"line":14,"column":5}},"loc":{"start":{"line":14,"column":13},"end":{"line":21,"column":5}},"line":14},"3":{"name":"(anonymous_3)","decl":{"start":{"line":22,"column":4},"end":{"line":22,"column":5}},"loc":{"start":{"line":22,"column":20},"end":{"line":25,"column":5}},"line":22},"4":{"name":"(anonymous_4)","decl":{"start":{"line":26,"column":4},"end":{"line":26,"column":5}},"loc":{"start":{"line":26,"column":12},"end":{"line":28,"column":5}},"line":26},"5":{"name":"(anonymous_5)","decl":{"start":{"line":29,"column":4},"end":{"line":29,"column":5}},"loc":{"start":{"line":29,"column":15},"end":{"line":31,"column":5}},"line":29},"6":{"name":"(anonymous_6)","decl":{"start":{"line":32,"column":4},"end":{"line":32,"column":5}},"loc":{"start":{"line":32,"column":16},"end":{"line":34,"column":5}},"line":32},"7":{"name":"withCache","decl":{"start":{"line":38,"column":16},"end":{"line":38,"column":25}},"loc":{"start":{"line":38,"column":44},"end":{"line":47,"column":1}},"line":38},"8":{"name":"(anonymous_8)","decl":{"start":{"line":39,"column":9},"end":{"line":39,"column":10}},"loc":{"start":{"line":39,"column":28},"end":{"line":46,"column":3}},"line":39}},"branchMap":{"0":{"loc":{"start":{"line":15,"column":6},"end":{"line":18,"column":7}},"type":"if","locations":[{"start":{"line":15,"column":6},"end":{"line":18,"column":7}},{"start":{},"end":{}}],"line":15},"1":{"loc":{"start":{"line":42,"column":4},"end":{"line":42,"column":44}},"type":"if","locations":[{"start":{"line":42,"column":4},"end":{"line":42,"column":44}},{"start":{},"end":{}}],"line":42}},"s":{"0":38,"1":38,"2":38,"3":38,"4":3,"5":60,"6":8,"7":8,"8":52,"9":52,"10":48,"11":48,"12":1,"13":2,"14":4,"15":88,"16":57,"17":57,"18":57,"19":6,"20":51,"21":43,"22":43},"f":{"0":38,"1":3,"2":60,"3":48,"4":1,"5":2,"6":4,"7":88,"8":57},"b":{"0":[8,52],"1":[6,51]},"_coverageSchema":"1a1c01bbd47fc00a2c39e90264f33305004495a9","hash":"0e79ed49c15005efdc3d21fe2d3d6f13e22ab16a"}
,"C:\\Users\\Amalitech\\Desktop\\LABS\\Amalitech-Apprenticeship-specialization-labs\\FEM_07_(testing basics)_TaskManagerAPI\\src\\errors.js": {"path":"C:\\Users\\Amalitech\\Desktop\\LABS\\Amalitech-Apprenticeship-specialization-labs\\FEM_07_(testing basics)_TaskManagerAPI\\src\\errors.js","statementMap":{"0":{"start":{"line":6,"column":4},"end":{"line":6,"column":19}},"1":{"start":{"line":7,"column":4},"end":{"line":7,"column":27}},"2":{"start":{"line":8,"column":4},"end":{"line":8,"column":25}},"3":{"start":{"line":9,"column":4},"end":{"line":9,"column":19}},"4":{"start":{"line":10,"column":4},"end":{"line":10,"column":34}},"5":{"start":{"line":10,"column":15},"end":{"line":10,"column":34}},"6":{"start":{"line":16,"column":4},"end":{"line":16,"column":19}},"7":{"start":{"line":17,"column":4},"end":{"line":17,"column":34}},"8":{"start":{"line":18,"column":4},"end":{"line":18,"column":23}}},"fnMap":{"0":{"name":"(anonymous_0)","decl":{"start":{"line":5,"column":2},"end":{"line":5,"column":3}},"loc":{"start":{"line":5,"column":52},"end":{"line":11,"column":3}},"line":5},"1":{"name":"(anonymous_1)","decl":{"start":{"line":15,"column":2},"end":{"line":15,"column":3}},"loc":{"start":{"line":15,"column":30},"end":{"line":19,"column":3}},"line":15}},"branchMap":{"0":{"loc":{"start":{"line":5,"column":23},"end":{"line":5,"column":50}},"type":"default-arg","locations":[{"start":{"line":5,"column":48},"end":{"line":5,"column":50}}],"line":5},"1":{"loc":{"start":{"line":10,"column":4},"end":{"line":10,"column":34}},"type":"if","locations":[{"start":{"line":10,"column":4},"end":{"line":10,"column":34}},{"start":{},"end":{}}],"line":10}},"s":{"0":13,"1":13,"2":13,"3":13,"4":13,"5":5,"6":1,"7":1,"8":1},"f":{"0":13,"1":1},"b":{"0":[1],"1":[5,8]},"_coverageSchema":"1a1c01bbd47fc00a2c39e90264f33305004495a9","hash":"1d33cebd1e31ae9eb4d6982f9ae4939eba461c15"}
,"C:\\Users\\Amalitech\\Desktop\\LABS\\Amalitech-Apprenticeship-specialization-labs\\FEM_07_(testing basics)_TaskManagerAPI\\src\\exporter.js": {"path":"C:\\Users\\Amalitech\\Desktop\\LABS\\Amalitech-Apprenticeship-specialization-labs\\FEM_07_(testing basics)_TaskManagerAPI\\src\\exporter.js","statementMap":{"0":{"start":{"line":7,"column":18},"end":{"line":12,"column":3}},"1":{"start":{"line":14,"column":15},"end":{"line":14,"column":47}},"2":{"start":{"line":15,"column":2},"end":{"line":15,"column":43}},"3":{"start":{"line":16,"column":2},"end":{"line":16,"column":18}}},"fnMap":{"0":{"name":"exportToJSON","decl":{"start":{"line":6,"column":22},"end":{"line":6,"column":34}},"loc":{"start":{"line":6,"column":95},"end":{"line":17,"column":1}},"line":6}},"branchMap":{"0":{"loc":{"start":{"line":6,"column":35},"end":{"line":6,"column":83}},"type":"default-arg","locations":[{"start":{"line":6,"column":81},"end":{"line":6,"column":83}}],"line":6},"1":{"loc":{"start":{"line":6,"column":37},"end":{"line":6,"column":47}},"type":"default-arg","locations":[{"start":{"line":6,"column":45},"end":{"line":6,"column":47}}],"line":6},"2":{"loc":{"start":{"line":6,"column":49},"end":{"line":6,"column":59}},"type":"default-arg","locations":[{"start":{"line":6,"column":57},"end":{"line":6,"column":59}}],"line":6},"3":{"loc":{"start":{"line":6,"column":61},"end":{"line":6,"column":76}},"type":"default-arg","locations":[{"start":{"line":6,"column":74},"end":{"line":6,"column":76}}],"line":6}},"s":{"0":2,"1":2,"2":2,"3":2},"f":{"0":2},"b":{"0":[1],"1":[1],"2":[1],"3":[1]},"_coverageSchema":"1a1c01bbd47fc00a2c39e90264f33305004495a9","hash":"c6f68c03f8668a39e5e53f232f3479595a2995d0"}
,"C:\\Users\\Amalitech\\Desktop\\LABS\\Amalitech-Apprenticeship-specialization-labs\\FEM_07_(testing basics)_TaskManagerAPI\\src\\models.js": {"path":"C:\\Users\\Amalitech\\Desktop\\LABS\\Amalitech-Apprenticeship-specialization-labs\\FEM_07_(testing basics)_TaskManagerAPI\\src\\models.js","statementMap":{"0":{"start":{"line":3,"column":4},"end":{"line":5,"column":5}},"1":{"start":{"line":4,"column":6},"end":{"line":4,"column":70}},"2":{"start":{"line":6,"column":4},"end":{"line":6,"column":17}},"3":{"start":{"line":7,"column":4},"end":{"line":7,"column":23}},"4":{"start":{"line":8,"column":4},"end":{"line":8,"column":31}},"5":{"start":{"line":9,"column":4},"end":{"line":9,"column":25}},"6":{"start":{"line":13,"column":4},"end":{"line":13,"column":37}},"7":{"start":{"line":14,"column":4},"end":{"line":14,"column":16}},"8":{"start":{"line":19,"column":4},"end":{"line":19,"column":17}},"9":{"start":{"line":23,"column":4},"end":{"line":23,"column":52}},"10":{"start":{"line":27,"column":45},"end":{"line":27,"column":49}},"11":{"start":{"line":28,"column":4},"end":{"line":28,"column":44}},"12":{"start":{"line":32,"column":24},"end":{"line":32,"column":54}},"13":{"start":{"line":36,"column":4},"end":{"line":36,"column":44}},"14":{"start":{"line":37,"column":4},"end":{"line":37,"column":29}},"15":{"start":{"line":38,"column":4},"end":{"line":38,"column":54}},"16":{"start":{"line":42,"column":4},"end":{"line":42,"column":54}},"17":{"start":{"line":42,"column":41},"end":{"line":42,"column":54}},"18":{"start":{"line":43,"column":4},"end":{"line":43,"column":47}},"19":{"start":{"line":47,"column":4},"end":{"line":47,"column":47}},"20":{"start":{"line":52,"column":4},"end":{"line":52,"column":71}},"21":{"start":{"line":52,"column":24},"end":{"line":52,"column":71}},"22":{"start":{"line":53,"column":4},"end":{"line":53,"column":71}},"23":{"start":{"line":53,"column":26},"end":{"line":53,"column":71}},"24":{"start":{"line":54,"column":4},"end":{"line":54,"column":49}},"25":{"start":{"line":58,"column":4},"end":{"line":58,"column":81}},"26":{"start":{"line":64,"column":4},"end":{"line":64,"column":17}},"27":{"start":{"line":65,"column":4},"end":{"line":65,"column":21}},"28":{"start":{"line":66,"column":4},"end":{"line":66,"column":23}},"29":{"start":{"line":67,"column":4},"end":{"line":67,"column":20}},"30":{"start":{"line":71,"column":4},"end":{"line":71,"column":26}},"31":{"start":{"line":72,"column":4},"end":{"line":72,"column":16}},"32":{"start":{"line":76,"column":4},"end":{"line":76,"column":42}},"33":{"start":{"line":76,"column":33},"end":{"line":76,"column":42}},"34":{"start":{"line":77,"column":22},"end":{"line":77,"column":87}},"35":{"start":{"line":77,"column":54},"end":{"line":77,"column":83}},"36":{"start":{"line":78,"column":4},"end":{"line":78,"column":70}},"37":{"start":{"line":82,"column":4},"end":{"line":82,"column":49}},"38":{"start":{"line":82,"column":26},"end":{"line":82,"column":49}},"39":{"start":{"line":83,"column":26},"end":{"line":83,"column":48}},"40":{"start":{"line":84,"column":4},"end":{"line":84,"column":77}},"41":{"start":{"line":84,"column":48},"end":{"line":84,"column":75}},"42":{"start":{"line":88,"column":32},"end":{"line":88,"column":36}},"43":{"start":{"line":89,"column":4},"end":{"line":89,"column":103}}},"fnMap":{"0":{"name":"(anonymous_0)","decl":{"start":{"line":2,"column":2},"end":{"line":2,"column":3}},"loc":{"start":{"line":2,"column":61},"end":{"line":10,"column":3}},"line":2},"1":{"name":"(anonymous_1)","decl":{"start":{"line":12,"column":2},"end":{"line":12,"column":3}},"loc":{"start":{"line":12,"column":11},"end":{"line":15,"column":3}},"line":12},"2":{"name":"(anonymous_2)","decl":{"start":{"line":18,"column":2},"end":{"line":18,"column":3}},"loc":{"start":{"line":18,"column":14},"end":{"line":20,"column":3}},"line":18},"3":{"name":"(anonymous_3)","decl":{"start":{"line":22,"column":2},"end":{"line":22,"column":3}},"loc":{"start":{"line":22,"column":14},"end":{"line":24,"column":3}},"line":22},"4":{"name":"(anonymous_4)","decl":{"start":{"line":26,"column":2},"end":{"line":26,"column":3}},"loc":{"start":{"line":26,"column":11},"end":{"line":29,"column":3}},"line":26},"5":{"name":"(anonymous_5)","decl":{"start":{"line":35,"column":2},"end":{"line":35,"column":3}},"loc":{"start":{"line":35,"column":98},"end":{"line":39,"column":3}},"line":35},"6":{"name":"(anonymous_6)","decl":{"start":{"line":41,"column":2},"end":{"line":41,"column":3}},"loc":{"start":{"line":41,"column":14},"end":{"line":44,"column":3}},"line":41},"7":{"name":"(anonymous_7)","decl":{"start":{"line":46,"column":2},"end":{"line":46,"column":3}},"loc":{"start":{"line":46,"column":23},"end":{"line":48,"column":3}},"line":46},"8":{"name":"(anonymous_8)","decl":{"start":{"line":51,"column":2},"end":{"line":51,"column":3}},"loc":{"start":{"line":51,"column":14},"end":{"line":55,"column":3}},"line":51},"9":{"name":"(anonymous_9)","decl":{"start":{"line":57,"column":2},"end":{"line":57,"column":3}},"loc":{"start":{"line":57,"column":11},"end":{"line":59,"column":3}},"line":57},"10":{"name":"(anonymous_10)","decl":{"start":{"line":63,"column":2},"end":{"line":63,"column":3}},"loc":{"start":{"line":63,"column":40},"end":{"line":68,"column":3}},"line":63},"11":{"name":"(anonymous_11)","decl":{"start":{"line":70,"column":2},"end":{"line":70,"column":3}},"loc":{"start":{"line":70,"column":16},"end":{"line":73,"column":3}},"line":70},"12":{"name":"(anonymous_12)","decl":{"start":{"line":75,"column":2},"end":{"line":75,"column":3}},"loc":{"start":{"line":75,"column":22},"end":{"line":79,"column":3}},"line":75},"13":{"name":"(anonymous_13)","decl":{"start":{"line":77,"column":40},"end":{"line":77,"column":41}},"loc":{"start":{"line":77,"column":54},"end":{"line":77,"column":83}},"line":77},"14":{"name":"(anonymous_14)","decl":{"start":{"line":81,"column":2},"end":{"line":81,"column":3}},"loc":{"start":{"line":81,"column":35},"end":{"line":85,"column":3}},"line":81},"15":{"name":"(anonymous_15)","decl":{"start":{"line":84,"column":29},"end":{"line":84,"column":30}},"loc":{"start":{"line":84,"column":48},"end":{"line":84,"column":75}},"line":84},"16":{"name":"(anonymous_16)","decl":{"start":{"line":87,"column":2},"end":{"line":87,"column":3}},"loc":{"start":{"line":87,"column":11},"end":{"line":90,"column":3}},"line":87}},"branchMap":{"0":{"loc":{"start":{"line":2,"column":14},"end":{"line":2,"column":59}},"type":"default-arg","locations":[{"start":{"line":2,"column":57},"end":{"line":2,"column":59}}],"line":2},"1":{"loc":{"start":{"line":2,"column":27},"end":{"line":2,"column":44}},"type":"default-arg","locations":[{"start":{"line":2,"column":39},"end":{"line":2,"column":44}}],"line":2},"2":{"loc":{"start":{"line":3,"column":4},"end":{"line":5,"column":5}},"type":"if","locations":[{"start":{"line":3,"column":4},"end":{"line":5,"column":5}},{"start":{},"end":{}}],"line":3},"3":{"loc":{"start":{"line":3,"column":8},"end":{"line":3,"column":47}},"type":"binary-expr","locations":[{"start":{"line":3,"column":8},"end":{"line":3,"column":24}},{"start":{"line":3,"column":28},"end":{"line":3,"column":47}}],"line":3},"4":{"loc":{"start":{"line":23,"column":11},"end":{"line":23,"column":51}},"type":"cond-expr","locations":[{"start":{"line":23,"column":28},"end":{"line":23,"column":39}},{"start":{"line":23,"column":42},"end":{"line":23,"column":51}}],"line":23},"5":{"loc":{"start":{"line":35,"column":14},"end":{"line":35,"column":96}},"type":"default-arg","locations":[{"start":{"line":35,"column":94},"end":{"line":35,"column":96}}],"line":35},"6":{"loc":{"start":{"line":35,"column":27},"end":{"line":35,"column":44}},"type":"default-arg","locations":[{"start":{"line":35,"column":39},"end":{"line":35,"column":44}}],"line":35},"7":{"loc":{"start":{"line":35,"column":54},"end":{"line":35,"column":73}},"type":"default-arg","locations":[{"start":{"line":35,"column":65},"end":{"line":35,"column":73}}],"line":35},"8":{"loc":{"start":{"line":35,"column":75},"end":{"line":35,"column":89}},"type":"default-arg","locations":[{"start":{"line":35,"column":85},"end":{"line":35,"column":89}}],"line":35},"9":{"loc":{"start":{"line":38,"column":19},"end":{"line":38,"column":53}},"type":"cond-expr","locations":[{"start":{"line":38,"column":29},"end":{"line":38,"column":46}},{"start":{"line":38,"column":49},"end":{"line":38,"column":53}}],"line":38},"10":{"loc":{"start":{"line":42,"column":4},"end":{"line":42,"column":54}},"type":"if","locations":[{"start":{"line":42,"column":4},"end":{"line":42,"column":54}},{"start":{},"end":{}}],"line":42},"11":{"loc":{"start":{"line":42,"column":8},"end":{"line":42,"column":39}},"type":"binary-expr","locations":[{"start":{"line":42,"column":8},"end":{"line":42,"column":21}},{"start":{"line":42,"column":25},"end":{"line":42,"column":39}}],"line":42},"12":{"loc":{"start":{"line":47,"column":11},"end":{"line":47,"column":46}},"type":"binary-expr","locations":[{"start":{"line":47,"column":11},"end":{"line":47,"column":41}},{"start":{"line":47,"column":45},"end":{"line":47,"column":46}}],"line":47},"13":{"loc":{"start":{"line":52,"column":4},"end":{"line":52,"column":71}},"type":"if","locations":[{"start":{"line":52,"column":4},"end":{"line":52,"column":71}},{"start":{},"end":{}}],"line":52},"14":{"loc":{"start":{"line":53,"column":4},"end":{"line":53,"column":71}},"type":"if","locations":[{"start":{"line":53,"column":4},"end":{"line":53,"column":71}},{"start":{},"end":{}}],"line":53},"15":{"loc":{"start":{"line":63,"column":14},"end":{"line":63,"column":38}},"type":"default-arg","locations":[{"start":{"line":63,"column":36},"end":{"line":63,"column":38}}],"line":63},"16":{"loc":{"start":{"line":76,"column":4},"end":{"line":76,"column":42}},"type":"if","locations":[{"start":{"line":76,"column":4},"end":{"line":76,"column":42}},{"start":{},"end":{}}],"line":76},"17":{"loc":{"start":{"line":77,"column":63},"end":{"line":77,"column":82}},"type":"cond-expr","locations":[{"start":{"line":77,"column":77},"end":{"line":77,"column":78}},{"start":{"line":77,"column":81},"end":{"line":77,"column":82}}],"line":77},"18":{"loc":{"start":{"line":81,"column":19},"end":{"line":81,"column":33}},"type":"default-arg","locations":[{"start":{"line":81,"column":28},"end":{"line":81,"column":33}}],"line":81},"19":{"loc":{"start":{"line":82,"column":4},"end":{"line":82,"column":49}},"type":"if","locations":[{"start":{"line":82,"column":4},"end":{"line":82,"column":49}},{"start":{},"end":{}}],"line":82}},"s":{"0":260,"1":6,"2":254,"3":254,"4":254,"5":254,"6":8,"7":8,"8":1,"9":3,"10":7,"11":7,"12":5,"13":208,"14":206,"15":206,"16":41,"17":23,"18":18,"19":28,"20":4,"21":1,"22":3,"23":2,"24":1,"25":4,"26":31,"27":31,"28":31,"29":31,"30":41,"31":41,"32":8,"33":1,"34":7,"35":12,"36":7,"37":4,"38":1,"39":3,"40":3,"41":4,"42":3,"43":3},"f":{"0":260,"1":8,"2":1,"3":3,"4":7,"5":208,"6":41,"7":28,"8":4,"9":4,"10":31,"11":41,"12":8,"13":12,"14":4,"15":4,"16":3},"b":{"0":[1],"1":[7],"2":[6,254],"3":[260,255],"4":[1,2],"5":[1],"6":[15],"7":[13],"8":[161],"9":[47,159],"10":[23,18],"11":[41,26],"12":[28,1],"13":[1,3],"14":[2,1],"15":[1],"16":[1,7],"17":[5,7],"18":[1],"19":[1,3]},"_coverageSchema":"1a1c01bbd47fc00a2c39e90264f33305004495a9","hash":"61dc5076527be87ccb8f53d26d6c12d8d9bbf8c4"}
,"C:\\Users\\Amalitech\\Desktop\\LABS\\Amalitech-Apprenticeship-specialization-labs\\FEM_07_(testing basics)_TaskManagerAPI\\src\\rateLimiter.js": {"path":"C:\\Users\\Amalitech\\Desktop\\LABS\\Amalitech-Apprenticeship-specialization-labs\\FEM_07_(testing basics)_TaskManagerAPI\\src\\rateLimiter.js","statementMap":{"0":{"start":{"line":8,"column":18},"end":{"line":8,"column":41}},"1":{"start":{"line":9,"column":18},"end":{"line":9,"column":19}},"2":{"start":{"line":12,"column":25},"end":{"line":12,"column":36}},"3":{"start":{"line":13,"column":4},"end":{"line":13,"column":45}},"4":{"start":{"line":13,"column":38},"end":{"line":13,"column":45}},"5":{"start":{"line":14,"column":4},"end":{"line":14,"column":76}},"6":{"start":{"line":15,"column":4},"end":{"line":15,"column":20}},"7":{"start":{"line":18,"column":19},"end":{"line":18,"column":48}},"8":{"start":{"line":19,"column":2},"end":{"line":19,"column":63}},"9":{"start":{"line":21,"column":2},"end":{"line":21,"column":17}}},"fnMap":{"0":{"name":"runWithConcurrencyLimit","decl":{"start":{"line":7,"column":22},"end":{"line":7,"column":45}},"loc":{"start":{"line":7,"column":72},"end":{"line":22,"column":1}},"line":7},"1":{"name":"runNext","decl":{"start":{"line":11,"column":17},"end":{"line":11,"column":24}},"loc":{"start":{"line":11,"column":27},"end":{"line":16,"column":3}},"line":11}},"branchMap":{"0":{"loc":{"start":{"line":7,"column":61},"end":{"line":7,"column":70}},"type":"default-arg","locations":[{"start":{"line":7,"column":69},"end":{"line":7,"column":70}}],"line":7},"1":{"loc":{"start":{"line":13,"column":4},"end":{"line":13,"column":45}},"type":"if","locations":[{"start":{"line":13,"column":4},"end":{"line":13,"column":45}},{"start":{},"end":{}}],"line":13}},"s":{"0":9,"1":9,"2":51,"3":51,"4":18,"5":33,"6":33,"7":9,"8":9,"9":9},"f":{"0":9,"1":51},"b":{"0":[1],"1":[18,33]},"_coverageSchema":"1a1c01bbd47fc00a2c39e90264f33305004495a9","hash":"5d036e173e1f7cd3d63d52de156fdee87d043dd1"}
,"C:\\Users\\Amalitech\\Desktop\\LABS\\Amalitech-Apprenticeship-specialization-labs\\FEM_07_(testing basics)_TaskManagerAPI\\src\\taskManager.js": {"path":"C:\\Users\\Amalitech\\Desktop\\LABS\\Amalitech-Apprenticeship-specialization-labs\\FEM_07_(testing basics)_TaskManagerAPI\\src\\taskManager.js","statementMap":{"0":{"start":{"line":5,"column":19},"end":{"line":5,"column":44}},"1":{"start":{"line":11,"column":2},"end":{"line":11,"column":49}},"2":{"start":{"line":15,"column":21},"end":{"line":15,"column":39}},"3":{"start":{"line":16,"column":15},"end":{"line":16,"column":25}},"4":{"start":{"line":17,"column":2},"end":{"line":17,"column":44}},"5":{"start":{"line":18,"column":2},"end":{"line":18,"column":28}},"6":{"start":{"line":26,"column":4},"end":{"line":26,"column":25}},"7":{"start":{"line":27,"column":4},"end":{"line":27,"column":27}},"8":{"start":{"line":28,"column":4},"end":{"line":28,"column":20}},"9":{"start":{"line":32,"column":49},"end":{"line":32,"column":74}},"10":{"start":{"line":34,"column":4},"end":{"line":36,"column":7}},"11":{"start":{"line":35,"column":6},"end":{"line":35,"column":56}},"12":{"start":{"line":38,"column":4},"end":{"line":49,"column":7}},"13":{"start":{"line":39,"column":19},"end":{"line":46,"column":8}},"14":{"start":{"line":47,"column":6},"end":{"line":47,"column":49}},"15":{"start":{"line":48,"column":6},"end":{"line":48,"column":18}},"16":{"start":{"line":51,"column":4},"end":{"line":51,"column":16}},"17":{"start":{"line":55,"column":4},"end":{"line":55,"column":53}},"18":{"start":{"line":59,"column":4},"end":{"line":59,"column":54}},"19":{"start":{"line":63,"column":4},"end":{"line":63,"column":52}},"20":{"start":{"line":67,"column":4},"end":{"line":67,"column":36}},"21":{"start":{"line":73,"column":20},"end":{"line":73,"column":61}},"22":{"start":{"line":73,"column":53},"end":{"line":73,"column":60}},"23":{"start":{"line":74,"column":4},"end":{"line":74,"column":65}}},"fnMap":{"0":{"name":"derivePriority","decl":{"start":{"line":10,"column":9},"end":{"line":10,"column":23}},"loc":{"start":{"line":10,"column":30},"end":{"line":12,"column":1}},"line":10},"1":{"name":"deriveDueDate","decl":{"start":{"line":14,"column":9},"end":{"line":14,"column":22}},"loc":{"start":{"line":14,"column":29},"end":{"line":19,"column":1}},"line":14},"2":{"name":"(anonymous_2)","decl":{"start":{"line":25,"column":2},"end":{"line":25,"column":3}},"loc":{"start":{"line":25,"column":43},"end":{"line":29,"column":3}},"line":25},"3":{"name":"(anonymous_3)","decl":{"start":{"line":31,"column":2},"end":{"line":31,"column":3}},"loc":{"start":{"line":31,"column":15},"end":{"line":52,"column":3}},"line":31},"4":{"name":"(anonymous_4)","decl":{"start":{"line":34,"column":21},"end":{"line":34,"column":22}},"loc":{"start":{"line":34,"column":46},"end":{"line":36,"column":5}},"line":34},"5":{"name":"(anonymous_5)","decl":{"start":{"line":38,"column":30},"end":{"line":38,"column":31}},"loc":{"start":{"line":38,"column":40},"end":{"line":49,"column":5}},"line":38},"6":{"name":"(anonymous_6)","decl":{"start":{"line":54,"column":2},"end":{"line":54,"column":3}},"loc":{"start":{"line":54,"column":18},"end":{"line":56,"column":3}},"line":54},"7":{"name":"(anonymous_7)","decl":{"start":{"line":58,"column":2},"end":{"line":58,"column":3}},"loc":{"start":{"line":58,"column":25},"end":{"line":60,"column":3}},"line":58},"8":{"name":"(anonymous_8)","decl":{"start":{"line":62,"column":2},"end":{"line":62,"column":3}},"loc":{"start":{"line":62,"column":16},"end":{"line":64,"column":3}},"line":62},"9":{"name":"(anonymous_9)","decl":{"start":{"line":66,"column":2},"end":{"line":66,"column":3}},"loc":{"start":{"line":66,"column":16},"end":{"line":68,"column":3}},"line":66},"10":{"name":"(anonymous_10)","decl":{"start":{"line":72,"column":2},"end":{"line":72,"column":3}},"loc":{"start":{"line":72,"column":52},"end":{"line":75,"column":3}},"line":72},"11":{"name":"(anonymous_11)","decl":{"start":{"line":73,"column":43},"end":{"line":73,"column":44}},"loc":{"start":{"line":73,"column":53},"end":{"line":73,"column":60}},"line":73}},"branchMap":{"0":{"loc":{"start":{"line":25,"column":14},"end":{"line":25,"column":41}},"type":"default-arg","locations":[{"start":{"line":25,"column":26},"end":{"line":25,"column":41}}],"line":25},"1":{"loc":{"start":{"line":72,"column":26},"end":{"line":72,"column":50}},"type":"default-arg","locations":[{"start":{"line":72,"column":48},"end":{"line":72,"column":50}}],"line":72},"2":{"loc":{"start":{"line":72,"column":28},"end":{"line":72,"column":43}},"type":"default-arg","locations":[{"start":{"line":72,"column":42},"end":{"line":72,"column":43}}],"line":72}},"s":{"0":1,"1":23,"2":23,"3":23,"4":23,"5":23,"6":8,"7":8,"8":8,"9":8,"10":7,"11":15,"12":7,"13":23,"14":23,"15":23,"16":7,"17":3,"18":1,"19":1,"20":7,"21":2,"22":4,"23":2},"f":{"0":23,"1":23,"2":8,"3":8,"4":15,"5":23,"6":3,"7":1,"8":1,"9":7,"10":2,"11":4},"b":{"0":[7],"1":[1],"2":[1]},"_coverageSchema":"1a1c01bbd47fc00a2c39e90264f33305004495a9","hash":"ef3c6cec7913c373120dd393867f360c6cdd15f9"}
,"C:\\Users\\Amalitech\\Desktop\\LABS\\Amalitech-Apprenticeship-specialization-labs\\FEM_07_(testing basics)_TaskManagerAPI\\src\\taskProcessor.js": {"path":"C:\\Users\\Amalitech\\Desktop\\LABS\\Amalitech-Apprenticeship-specialization-labs\\FEM_07_(testing basics)_TaskManagerAPI\\src\\taskProcessor.js","statementMap":{"0":{"start":{"line":4,"column":30},"end":{"line":8,"column":1}},"1":{"start":{"line":5,"column":2},"end":{"line":5,"column":42}},"2":{"start":{"line":5,"column":24},"end":{"line":5,"column":42}},"3":{"start":{"line":6,"column":24},"end":{"line":6,"column":46}},"4":{"start":{"line":7,"column":2},"end":{"line":7,"column":70}},"5":{"start":{"line":7,"column":41},"end":{"line":7,"column":68}},"6":{"start":{"line":10,"column":28},"end":{"line":10,"column":87}},"7":{"start":{"line":10,"column":47},"end":{"line":10,"column":87}},"8":{"start":{"line":10,"column":67},"end":{"line":10,"column":86}},"9":{"start":{"line":12,"column":32},"end":{"line":12,"column":97}},"10":{"start":{"line":12,"column":53},"end":{"line":12,"column":97}},"11":{"start":{"line":12,"column":73},"end":{"line":12,"column":96}},"12":{"start":{"line":14,"column":27},"end":{"line":18,"column":1}},"13":{"start":{"line":15,"column":17},"end":{"line":15,"column":43}},"14":{"start":{"line":16,"column":2},"end":{"line":16,"column":33}},"15":{"start":{"line":16,"column":15},"end":{"line":16,"column":33}},"16":{"start":{"line":17,"column":2},"end":{"line":17,"column":76}},"17":{"start":{"line":17,"column":37},"end":{"line":17,"column":74}},"18":{"start":{"line":20,"column":35},"end":{"line":35,"column":1}},"19":{"start":{"line":21,"column":16},"end":{"line":21,"column":28}},"20":{"start":{"line":22,"column":20},"end":{"line":22,"column":59}},"21":{"start":{"line":22,"column":40},"end":{"line":22,"column":51}},"22":{"start":{"line":23,"column":18},"end":{"line":23,"column":35}},"23":{"start":{"line":24,"column":25},"end":{"line":24,"column":83}},"24":{"start":{"line":26,"column":21},"end":{"line":30,"column":8}},"25":{"start":{"line":27,"column":16},"end":{"line":27,"column":39}},"26":{"start":{"line":28,"column":4},"end":{"line":28,"column":35}},"27":{"start":{"line":29,"column":4},"end":{"line":29,"column":15}},"28":{"start":{"line":32,"column":23},"end":{"line":32,"column":101}},"29":{"start":{"line":32,"column":43},"end":{"line":32,"column":93}},"30":{"start":{"line":34,"column":2},"end":{"line":34,"column":81}},"31":{"start":{"line":37,"column":27},"end":{"line":43,"column":15}},"32":{"start":{"line":38,"column":2},"end":{"line":43,"column":15}},"33":{"start":{"line":39,"column":19},"end":{"line":39,"column":45}},"34":{"start":{"line":40,"column":4},"end":{"line":40,"column":22}},"35":{"start":{"line":41,"column":4},"end":{"line":41,"column":33}},"36":{"start":{"line":42,"column":4},"end":{"line":42,"column":15}},"37":{"start":{"line":45,"column":39},"end":{"line":46,"column":55}},"38":{"start":{"line":46,"column":2},"end":{"line":46,"column":55}},"39":{"start":{"line":46,"column":27},"end":{"line":46,"column":37}},"40":{"start":{"line":50,"column":25},"end":{"line":57,"column":4}},"41":{"start":{"line":51,"column":2},"end":{"line":57,"column":4}},"42":{"start":{"line":52,"column":4},"end":{"line":55,"column":5}},"43":{"start":{"line":53,"column":21},"end":{"line":53,"column":34}},"44":{"start":{"line":54,"column":6},"end":{"line":54,"column":38}},"45":{"start":{"line":54,"column":24},"end":{"line":54,"column":38}},"46":{"start":{"line":56,"column":4},"end":{"line":56,"column":13}},"47":{"start":{"line":59,"column":30},"end":{"line":59,"column":89}},"48":{"start":{"line":59,"column":40},"end":{"line":59,"column":89}},"49":{"start":{"line":60,"column":26},"end":{"line":60,"column":66}},"50":{"start":{"line":60,"column":36},"end":{"line":60,"column":66}},"51":{"start":{"line":61,"column":32},"end":{"line":61,"column":83}},"52":{"start":{"line":61,"column":42},"end":{"line":61,"column":83}}},"fnMap":{"0":{"name":"(anonymous_0)","decl":{"start":{"line":4,"column":30},"end":{"line":4,"column":31}},"loc":{"start":{"line":4,"column":57},"end":{"line":8,"column":1}},"line":4},"1":{"name":"(anonymous_1)","decl":{"start":{"line":7,"column":22},"end":{"line":7,"column":23}},"loc":{"start":{"line":7,"column":41},"end":{"line":7,"column":68}},"line":7},"2":{"name":"(anonymous_2)","decl":{"start":{"line":10,"column":28},"end":{"line":10,"column":29}},"loc":{"start":{"line":10,"column":47},"end":{"line":10,"column":87}},"line":10},"3":{"name":"(anonymous_3)","decl":{"start":{"line":10,"column":60},"end":{"line":10,"column":61}},"loc":{"start":{"line":10,"column":67},"end":{"line":10,"column":86}},"line":10},"4":{"name":"(anonymous_4)","decl":{"start":{"line":12,"column":32},"end":{"line":12,"column":33}},"loc":{"start":{"line":12,"column":53},"end":{"line":12,"column":97}},"line":12},"5":{"name":"(anonymous_5)","decl":{"start":{"line":12,"column":66},"end":{"line":12,"column":67}},"loc":{"start":{"line":12,"column":73},"end":{"line":12,"column":96}},"line":12},"6":{"name":"(anonymous_6)","decl":{"start":{"line":14,"column":27},"end":{"line":14,"column":28}},"loc":{"start":{"line":14,"column":50},"end":{"line":18,"column":1}},"line":14},"7":{"name":"(anonymous_7)","decl":{"start":{"line":17,"column":22},"end":{"line":17,"column":23}},"loc":{"start":{"line":17,"column":37},"end":{"line":17,"column":74}},"line":17},"8":{"name":"(anonymous_8)","decl":{"start":{"line":20,"column":35},"end":{"line":20,"column":36}},"loc":{"start":{"line":20,"column":46},"end":{"line":35,"column":1}},"line":20},"9":{"name":"(anonymous_9)","decl":{"start":{"line":22,"column":33},"end":{"line":22,"column":34}},"loc":{"start":{"line":22,"column":40},"end":{"line":22,"column":51}},"line":22},"10":{"name":"(anonymous_10)","decl":{"start":{"line":26,"column":34},"end":{"line":26,"column":35}},"loc":{"start":{"line":26,"column":49},"end":{"line":30,"column":3}},"line":26},"11":{"name":"(anonymous_11)","decl":{"start":{"line":32,"column":36},"end":{"line":32,"column":37}},"loc":{"start":{"line":32,"column":43},"end":{"line":32,"column":93}},"line":32},"12":{"name":"(anonymous_12)","decl":{"start":{"line":37,"column":27},"end":{"line":37,"column":28}},"loc":{"start":{"line":38,"column":2},"end":{"line":43,"column":15}},"line":38},"13":{"name":"(anonymous_13)","decl":{"start":{"line":38,"column":15},"end":{"line":38,"column":16}},"loc":{"start":{"line":38,"column":30},"end":{"line":43,"column":3}},"line":38},"14":{"name":"(anonymous_14)","decl":{"start":{"line":45,"column":39},"end":{"line":45,"column":40}},"loc":{"start":{"line":46,"column":2},"end":{"line":46,"column":55}},"line":46},"15":{"name":"(anonymous_15)","decl":{"start":{"line":46,"column":20},"end":{"line":46,"column":21}},"loc":{"start":{"line":46,"column":27},"end":{"line":46,"column":37}},"line":46},"16":{"name":"(anonymous_16)","decl":{"start":{"line":50,"column":25},"end":{"line":50,"column":26}},"loc":{"start":{"line":51,"column":2},"end":{"line":57,"column":4}},"line":51},"17":{"name":"(anonymous_17)","decl":{"start":{"line":51,"column":18},"end":{"line":51,"column":19}},"loc":{"start":{"line":51,"column":28},"end":{"line":57,"column":3}},"line":51},"18":{"name":"(anonymous_18)","decl":{"start":{"line":59,"column":30},"end":{"line":59,"column":31}},"loc":{"start":{"line":59,"column":40},"end":{"line":59,"column":89}},"line":59},"19":{"name":"(anonymous_19)","decl":{"start":{"line":60,"column":26},"end":{"line":60,"column":27}},"loc":{"start":{"line":60,"column":36},"end":{"line":60,"column":66}},"line":60},"20":{"name":"(anonymous_20)","decl":{"start":{"line":61,"column":32},"end":{"line":61,"column":33}},"loc":{"start":{"line":61,"column":42},"end":{"line":61,"column":83}},"line":61}},"branchMap":{"0":{"loc":{"start":{"line":4,"column":38},"end":{"line":4,"column":52}},"type":"default-arg","locations":[{"start":{"line":4,"column":47},"end":{"line":4,"column":52}}],"line":4},"1":{"loc":{"start":{"line":5,"column":2},"end":{"line":5,"column":42}},"type":"if","locations":[{"start":{"line":5,"column":2},"end":{"line":5,"column":42}},{"start":{},"end":{}}],"line":5},"2":{"loc":{"start":{"line":14,"column":35},"end":{"line":14,"column":45}},"type":"default-arg","locations":[{"start":{"line":14,"column":43},"end":{"line":14,"column":45}}],"line":14},"3":{"loc":{"start":{"line":16,"column":2},"end":{"line":16,"column":33}},"type":"if","locations":[{"start":{"line":16,"column":2},"end":{"line":16,"column":33}},{"start":{},"end":{}}],"line":16},"4":{"loc":{"start":{"line":24,"column":25},"end":{"line":24,"column":83}},"type":"cond-expr","locations":[{"start":{"line":24,"column":33},"end":{"line":24,"column":79}},{"start":{"line":24,"column":82},"end":{"line":24,"column":83}}],"line":24},"5":{"loc":{"start":{"line":27,"column":16},"end":{"line":27,"column":39}},"type":"binary-expr","locations":[{"start":{"line":27,"column":16},"end":{"line":27,"column":29}},{"start":{"line":27,"column":33},"end":{"line":27,"column":39}}],"line":27},"6":{"loc":{"start":{"line":28,"column":16},"end":{"line":28,"column":29}},"type":"binary-expr","locations":[{"start":{"line":28,"column":16},"end":{"line":28,"column":24}},{"start":{"line":28,"column":28},"end":{"line":28,"column":29}}],"line":28},"7":{"loc":{"start":{"line":32,"column":43},"end":{"line":32,"column":93}},"type":"binary-expr","locations":[{"start":{"line":32,"column":43},"end":{"line":32,"column":76}},{"start":{"line":32,"column":80},"end":{"line":32,"column":93}}],"line":32},"8":{"loc":{"start":{"line":39,"column":19},"end":{"line":39,"column":45}},"type":"binary-expr","locations":[{"start":{"line":39,"column":19},"end":{"line":39,"column":39}},{"start":{"line":39,"column":43},"end":{"line":39,"column":45}}],"line":39},"9":{"loc":{"start":{"line":54,"column":6},"end":{"line":54,"column":38}},"type":"if","locations":[{"start":{"line":54,"column":6},"end":{"line":54,"column":38}},{"start":{},"end":{}}],"line":54},"10":{"loc":{"start":{"line":59,"column":41},"end":{"line":59,"column":62}},"type":"binary-expr","locations":[{"start":{"line":59,"column":41},"end":{"line":59,"column":57}},{"start":{"line":59,"column":61},"end":{"line":59,"column":62}}],"line":59},"11":{"loc":{"start":{"line":59,"column":67},"end":{"line":59,"column":88}},"type":"binary-expr","locations":[{"start":{"line":59,"column":67},"end":{"line":59,"column":83}},{"start":{"line":59,"column":87},"end":{"line":59,"column":88}}],"line":59}},"s":{"0":3,"1":5,"2":1,"3":4,"4":4,"5":12,"6":3,"7":4,"8":11,"9":3,"10":2,"11":8,"12":3,"13":7,"14":7,"15":2,"16":5,"17":15,"18":3,"19":13,"20":13,"21":38,"22":13,"23":13,"24":13,"25":38,"26":38,"27":38,"28":13,"29":38,"30":13,"31":3,"32":3,"33":8,"34":8,"35":8,"36":8,"37":3,"38":3,"39":9,"40":3,"41":8,"42":34,"43":32,"44":32,"45":28,"46":6,"47":3,"48":13,"49":3,"50":14,"51":3,"52":7},"f":{"0":5,"1":12,"2":4,"3":11,"4":2,"5":8,"6":7,"7":15,"8":13,"9":38,"10":38,"11":38,"12":3,"13":8,"14":3,"15":9,"16":8,"17":34,"18":13,"19":14,"20":7},"b":{"0":[1],"1":[1,4],"2":[1],"3":[2,5],"4":[12,1],"5":[38,2],"6":[38,28],"7":[38,34],"8":[8,4],"9":[28,4],"10":[13,1],"11":[13,1]},"_coverageSchema":"1a1c01bbd47fc00a2c39e90264f33305004495a9","hash":"73e7fbf5798d44a91ab6e15fb20d65a401bb9eb1"}
}
