TN:
SF:src\api.js
FN:8,(anonymous_0)
FN:13,(anonymous_1)
FN:14,(anonymous_2)
FN:17,(anonymous_3)
FN:62,(anonymous_4)
FN:70,(anonymous_5)
FN:73,(anonymous_6)
FN:76,(anonymous_7)
FN:83,(anonymous_8)
FN:86,(anonymous_9)
FN:92,(anonymous_10)
FNF:11
FNH:11
FNDA:28,(anonymous_0)
FNDA:19,(anonymous_1)
FNDA:11,(anonymous_2)
FNDA:18,(anonymous_3)
FNDA:8,(anonymous_4)
FNDA:4,(anonymous_5)
FNDA:12,(anonymous_6)
FNDA:12,(anonymous_7)
FNDA:3,(anonymous_8)
FNDA:2,(anonymous_9)
FNDA:2,(anonymous_10)
DA:5,2
DA:9,28
DA:10,28
DA:13,28
DA:14,28
DA:15,28
DA:17,18
DA:23,46
DA:26,46
DA:27,46
DA:29,2
DA:32,44
DA:33,5
DA:39,39
DA:40,39
DA:42,1
DA:47,18
DA:48,11
DA:52,11
DA:53,10
DA:57,17
DA:58,17
DA:63,8
DA:64,7
DA:71,4
DA:73,12
DA:76,4
DA:77,12
DA:78,12
DA:84,3
DA:85,3
DA:87,2
DA:88,1
DA:90,1
DA:93,2
DA:94,1
LF:36
LH:36
BRDA:8,0,0,7
BRDA:32,1,0,5
BRDA:32,1,1,39
BRDA:48,2,0,10
BRDA:48,2,1,1
BRDA:53,3,0,9
BRDA:53,3,1,1
BRDA:58,4,0,16
BRDA:58,4,1,1
BRDA:70,5,0,1
BRDA:70,6,0,1
BRDA:87,7,0,1
BRDA:87,7,1,1
BRDA:93,8,0,1
BRDA:93,8,1,1
BRF:15
BRH:15
end_of_record
TN:
SF:src\cache.js
FN:5,createCache
FN:11,(anonymous_1)
FN:14,(anonymous_2)
FN:22,(anonymous_3)
FN:26,(anonymous_4)
FN:29,(anonymous_5)
FN:32,(anonymous_6)
FN:38,withCache
FN:39,(anonymous_8)
FNF:9
FNH:9
FNDA:38,createCache
FNDA:3,(anonymous_1)
FNDA:60,(anonymous_2)
FNDA:48,(anonymous_3)
FNDA:1,(anonymous_4)
FNDA:2,(anonymous_5)
FNDA:4,(anonymous_6)
FNDA:88,withCache
FNDA:57,(anonymous_8)
DA:6,38
DA:7,38
DA:8,38
DA:10,38
DA:12,3
DA:15,60
DA:16,8
DA:17,8
DA:19,52
DA:20,52
DA:23,48
DA:24,48
DA:27,1
DA:30,2
DA:33,4
DA:39,88
DA:40,57
DA:41,57
DA:42,57
DA:43,51
DA:44,43
DA:45,43
LF:22
LH:22
BRDA:15,0,0,8
BRDA:15,0,1,52
BRDA:42,1,0,6
BRDA:42,1,1,51
BRF:4
BRH:4
end_of_record
TN:
SF:src\errors.js
FN:5,(anonymous_0)
FN:15,(anonymous_1)
FNF:2
FNH:2
FNDA:13,(anonymous_0)
FNDA:1,(anonymous_1)
DA:6,13
DA:7,13
DA:8,13
DA:9,13
DA:10,13
DA:16,1
DA:17,1
DA:18,1
LF:8
LH:8
BRDA:5,0,0,1
BRDA:10,1,0,5
BRDA:10,1,1,8
BRF:3
BRH:3
end_of_record
TN:
SF:src\exporter.js
FN:6,exportToJSON
FNF:1
FNH:1
FNDA:2,exportToJSON
DA:7,2
DA:14,2
DA:15,2
DA:16,2
LF:4
LH:4
BRDA:6,0,0,1
BRDA:6,1,0,1
BRDA:6,2,0,1
BRDA:6,3,0,1
BRF:4
BRH:4
end_of_record
TN:
SF:src\models.js
FN:2,(anonymous_0)
FN:12,(anonymous_1)
FN:18,(anonymous_2)
FN:22,(anonymous_3)
FN:26,(anonymous_4)
FN:35,(anonymous_5)
FN:41,(anonymous_6)
FN:46,(anonymous_7)
FN:51,(anonymous_8)
FN:57,(anonymous_9)
FN:63,(anonymous_10)
FN:70,(anonymous_11)
FN:75,(anonymous_12)
FN:77,(anonymous_13)
FN:81,(anonymous_14)
FN:84,(anonymous_15)
FN:87,(anonymous_16)
FNF:17
FNH:17
FNDA:260,(anonymous_0)
FNDA:8,(anonymous_1)
FNDA:1,(anonymous_2)
FNDA:3,(anonymous_3)
FNDA:7,(anonymous_4)
FNDA:208,(anonymous_5)
FNDA:41,(anonymous_6)
FNDA:28,(anonymous_7)
FNDA:4,(anonymous_8)
FNDA:4,(anonymous_9)
FNDA:31,(anonymous_10)
FNDA:41,(anonymous_11)
FNDA:8,(anonymous_12)
FNDA:12,(anonymous_13)
FNDA:4,(anonymous_14)
FNDA:4,(anonymous_15)
FNDA:3,(anonymous_16)
DA:3,260
DA:4,6
DA:6,254
DA:7,254
DA:8,254
DA:9,254
DA:13,8
DA:14,8
DA:19,1
DA:23,3
DA:27,7
DA:28,7
DA:32,5
DA:36,208
DA:37,206
DA:38,206
DA:42,41
DA:43,18
DA:47,28
DA:52,4
DA:53,3
DA:54,1
DA:58,4
DA:64,31
DA:65,31
DA:66,31
DA:67,31
DA:71,41
DA:72,41
DA:76,8
DA:77,12
DA:78,7
DA:82,4
DA:83,3
DA:84,4
DA:88,3
DA:89,3
LF:37
LH:37
BRDA:2,0,0,1
BRDA:2,1,0,7
BRDA:3,2,0,6
BRDA:3,2,1,254
BRDA:3,3,0,260
BRDA:3,3,1,255
BRDA:23,4,0,1
BRDA:23,4,1,2
BRDA:35,5,0,1
BRDA:35,6,0,15
BRDA:35,7,0,13
BRDA:35,8,0,161
BRDA:38,9,0,47
BRDA:38,9,1,159
BRDA:42,10,0,23
BRDA:42,10,1,18
BRDA:42,11,0,41
BRDA:42,11,1,26
BRDA:47,12,0,28
BRDA:47,12,1,1
BRDA:52,13,0,1
BRDA:52,13,1,3
BRDA:53,14,0,2
BRDA:53,14,1,1
BRDA:63,15,0,1
BRDA:76,16,0,1
BRDA:76,16,1,7
BRDA:77,17,0,5
BRDA:77,17,1,7
BRDA:81,18,0,1
BRDA:82,19,0,1
BRDA:82,19,1,3
BRF:32
BRH:32
end_of_record
TN:
SF:src\rateLimiter.js
FN:7,runWithConcurrencyLimit
FN:11,runNext
FNF:2
FNH:2
FNDA:9,runWithConcurrencyLimit
FNDA:51,runNext
DA:8,9
DA:9,9
DA:12,51
DA:13,51
DA:14,33
DA:15,33
DA:18,9
DA:19,9
DA:21,9
LF:9
LH:9
BRDA:7,0,0,1
BRDA:13,1,0,18
BRDA:13,1,1,33
BRF:3
BRH:3
end_of_record
TN:
SF:src\taskManager.js
FN:10,derivePriority
FN:14,deriveDueDate
FN:25,(anonymous_2)
FN:31,(anonymous_3)
FN:34,(anonymous_4)
FN:38,(anonymous_5)
FN:54,(anonymous_6)
FN:58,(anonymous_7)
FN:62,(anonymous_8)
FN:66,(anonymous_9)
FN:72,(anonymous_10)
FN:73,(anonymous_11)
FNF:12
FNH:12
FNDA:23,derivePriority
FNDA:23,deriveDueDate
FNDA:8,(anonymous_2)
FNDA:8,(anonymous_3)
FNDA:15,(anonymous_4)
FNDA:23,(anonymous_5)
FNDA:3,(anonymous_6)
FNDA:1,(anonymous_7)
FNDA:1,(anonymous_8)
FNDA:7,(anonymous_9)
FNDA:2,(anonymous_10)
FNDA:4,(anonymous_11)
DA:5,1
DA:11,23
DA:15,23
DA:16,23
DA:17,23
DA:18,23
DA:26,8
DA:27,8
DA:28,8
DA:32,8
DA:34,7
DA:35,15
DA:38,7
DA:39,23
DA:47,23
DA:48,23
DA:51,7
DA:55,3
DA:59,1
DA:63,1
DA:67,7
DA:73,4
DA:74,2
LF:23
LH:23
BRDA:25,0,0,7
BRDA:72,1,0,1
BRDA:72,2,0,1
BRF:3
BRH:3
end_of_record
TN:
SF:src\taskProcessor.js
FN:4,(anonymous_0)
FN:7,(anonymous_1)
FN:10,(anonymous_2)
FN:10,(anonymous_3)
FN:12,(anonymous_4)
FN:12,(anonymous_5)
FN:14,(anonymous_6)
FN:17,(anonymous_7)
FN:20,(anonymous_8)
FN:22,(anonymous_9)
FN:26,(anonymous_10)
FN:32,(anonymous_11)
FN:37,(anonymous_12)
FN:38,(anonymous_13)
FN:45,(anonymous_14)
FN:46,(anonymous_15)
FN:50,(anonymous_16)
FN:51,(anonymous_17)
FN:59,(anonymous_18)
FN:60,(anonymous_19)
FN:61,(anonymous_20)
FNF:21
FNH:21
FNDA:5,(anonymous_0)
FNDA:12,(anonymous_1)
FNDA:4,(anonymous_2)
FNDA:11,(anonymous_3)
FNDA:2,(anonymous_4)
FNDA:8,(anonymous_5)
FNDA:7,(anonymous_6)
FNDA:15,(anonymous_7)
FNDA:13,(anonymous_8)
FNDA:38,(anonymous_9)
FNDA:38,(anonymous_10)
FNDA:38,(anonymous_11)
FNDA:3,(anonymous_12)
FNDA:8,(anonymous_13)
FNDA:3,(anonymous_14)
FNDA:9,(anonymous_15)
FNDA:8,(anonymous_16)
FNDA:34,(anonymous_17)
FNDA:13,(anonymous_18)
FNDA:14,(anonymous_19)
FNDA:7,(anonymous_20)
DA:4,3
DA:5,5
DA:6,4
DA:7,12
DA:10,11
DA:12,8
DA:14,3
DA:15,7
DA:16,7
DA:17,15
DA:20,3
DA:21,13
DA:22,38
DA:23,13
DA:24,13
DA:26,13
DA:27,38
DA:28,38
DA:29,38
DA:32,38
DA:34,13
DA:37,3
DA:38,3
DA:39,8
DA:40,8
DA:41,8
DA:42,8
DA:45,3
DA:46,9
DA:50,3
DA:51,8
DA:52,34
DA:53,32
DA:54,32
DA:56,6
DA:59,13
DA:60,14
DA:61,7
LF:38
LH:38
BRDA:4,0,0,1
BRDA:5,1,0,1
BRDA:5,1,1,4
BRDA:14,2,0,1
BRDA:16,3,0,2
BRDA:16,3,1,5
BRDA:24,4,0,12
BRDA:24,4,1,1
BRDA:27,5,0,38
BRDA:27,5,1,2
BRDA:28,6,0,38
BRDA:28,6,1,28
BRDA:32,7,0,38
BRDA:32,7,1,34
BRDA:39,8,0,8
BRDA:39,8,1,4
BRDA:54,9,0,28
BRDA:54,9,1,4
BRDA:59,10,0,13
BRDA:59,10,1,1
BRDA:59,11,0,13
BRDA:59,11,1,1
BRF:22
BRH:22
end_of_record
