<?xml version="1.0" encoding="UTF-8"?>
<coverage generated="1786629325165" clover="3.2.0">
  <project timestamp="1786629325166" name="All files">
    <metrics statements="204" coveredstatements="204" conditionals="81" coveredconditionals="71" methods="52" coveredmethods="52" elements="337" coveredelements="327" complexity="0" loc="204" ncloc="204" packages="1" files="5" classes="5"/>
    <file name="journal.ts" path="C:\Users\Amalitech\Desktop\LABS\Amalitech-Apprenticeship-specialization-labs\FEM05_TYPESCRIPT\src\journal.ts">
      <metrics statements="43" coveredstatements="43" conditionals="29" coveredconditionals="28" methods="12" coveredmethods="12"/>
      <line num="10" count="28" type="stmt"/>
      <line num="13" count="28" type="stmt"/>
      <line num="18" count="1" type="stmt"/>
      <line num="22" count="38" type="stmt"/>
      <line num="23" count="38" type="stmt"/>
      <line num="27" count="9" type="stmt"/>
      <line num="32" count="37" type="cond" truecount="4" falsecount="0"/>
      <line num="33" count="2" type="stmt"/>
      <line num="35" count="35" type="cond" truecount="2" falsecount="0"/>
      <line num="36" count="1" type="stmt"/>
      <line num="39" count="34" type="stmt"/>
      <line num="45" count="37" type="stmt"/>
      <line num="51" count="37" type="stmt"/>
      <line num="52" count="37" type="stmt"/>
      <line num="53" count="37" type="stmt"/>
      <line num="57" count="3" type="stmt"/>
      <line num="58" count="3" type="cond" truecount="2" falsecount="0"/>
      <line num="60" count="2" type="stmt"/>
      <line num="67" count="2" type="cond" truecount="1" falsecount="1"/>
      <line num="68" count="2" type="stmt"/>
      <line num="69" count="2" type="stmt"/>
      <line num="73" count="3" type="stmt"/>
      <line num="74" count="3" type="stmt"/>
      <line num="75" count="3" type="stmt"/>
      <line num="76" count="3" type="cond" truecount="2" falsecount="0"/>
      <line num="77" count="3" type="stmt"/>
      <line num="81" count="6" type="cond" truecount="2" falsecount="0"/>
      <line num="83" count="6" type="stmt"/>
      <line num="84" count="18" type="cond" truecount="2" falsecount="0"/>
      <line num="86" count="18" type="cond" truecount="3" falsecount="0"/>
      <line num="89" count="18" type="cond" truecount="2" falsecount="0"/>
      <line num="94" count="3" type="cond" truecount="2" falsecount="0"/>
      <line num="95" count="1" type="stmt"/>
      <line num="98" count="2" type="stmt"/>
      <line num="99" count="2" type="stmt"/>
      <line num="100" count="5" type="cond" truecount="2" falsecount="0"/>
      <line num="103" count="2" type="stmt"/>
      <line num="104" count="2" type="stmt"/>
      <line num="105" count="2" type="stmt"/>
      <line num="106" count="3" type="cond" truecount="2" falsecount="0"/>
      <line num="107" count="2" type="stmt"/>
      <line num="108" count="2" type="stmt"/>
      <line num="112" count="2" type="stmt"/>
    </file>
    <file name="storage.ts" path="C:\Users\Amalitech\Desktop\LABS\Amalitech-Apprenticeship-specialization-labs\FEM05_TYPESCRIPT\src\storage.ts">
      <metrics statements="12" coveredstatements="12" conditionals="15" coveredconditionals="15" methods="3" coveredmethods="3"/>
      <line num="7" count="2" type="stmt"/>
      <line num="17" count="13" type="cond" truecount="4" falsecount="0"/>
      <line num="18" count="10" type="stmt"/>
      <line num="19" count="10" type="stmt"/>
      <line num="35" count="37" type="stmt"/>
      <line num="36" count="37" type="cond" truecount="2" falsecount="0"/>
      <line num="38" count="11" type="stmt"/>
      <line num="39" count="11" type="stmt"/>
      <line num="40" count="11" type="cond" truecount="2" falsecount="0"/>
      <line num="41" count="9" type="stmt"/>
      <line num="43" count="1" type="stmt"/>
      <line num="51" count="42" type="stmt"/>
    </file>
    <file name="types.ts" path="C:\Users\Amalitech\Desktop\LABS\Amalitech-Apprenticeship-specialization-labs\FEM05_TYPESCRIPT\src\types.ts">
      <metrics statements="7" coveredstatements="7" conditionals="0" coveredconditionals="0" methods="1" coveredmethods="1"/>
      <line num="6" count="3" type="stmt"/>
      <line num="7" count="3" type="stmt"/>
      <line num="8" count="3" type="stmt"/>
      <line num="9" count="3" type="stmt"/>
      <line num="10" count="3" type="stmt"/>
      <line num="11" count="3" type="stmt"/>
      <line num="36" count="3" type="stmt"/>
    </file>
    <file name="ui.ts" path="C:\Users\Amalitech\Desktop\LABS\Amalitech-Apprenticeship-specialization-labs\FEM05_TYPESCRIPT\src\ui.ts">
      <metrics statements="131" coveredstatements="131" conditionals="33" coveredconditionals="24" methods="27" coveredmethods="27"/>
      <line num="10" count="1" type="stmt"/>
      <line num="42" count="1" type="stmt"/>
      <line num="43" count="1" type="stmt"/>
      <line num="46" count="322" type="stmt"/>
      <line num="47" count="322" type="cond" truecount="1" falsecount="1"/>
      <line num="48" count="322" type="stmt"/>
      <line num="57" count="23" type="stmt"/>
      <line num="58" count="23" type="stmt"/>
      <line num="59" count="23" type="stmt"/>
      <line num="60" count="23" type="stmt"/>
      <line num="61" count="23" type="stmt"/>
      <line num="62" count="23" type="stmt"/>
      <line num="63" count="23" type="stmt"/>
      <line num="64" count="23" type="stmt"/>
      <line num="65" count="23" type="stmt"/>
      <line num="66" count="23" type="stmt"/>
      <line num="67" count="23" type="stmt"/>
      <line num="68" count="23" type="stmt"/>
      <line num="69" count="23" type="stmt"/>
      <line num="70" count="23" type="stmt"/>
      <line num="72" count="23" type="stmt"/>
      <line num="73" count="23" type="stmt"/>
      <line num="75" count="23" type="stmt"/>
      <line num="76" count="1" type="stmt"/>
      <line num="79" count="23" type="stmt"/>
      <line num="80" count="2" type="stmt"/>
      <line num="81" count="2" type="cond" truecount="2" falsecount="0"/>
      <line num="82" count="1" type="stmt"/>
      <line num="83" count="1" type="stmt"/>
      <line num="85" count="1" type="stmt"/>
      <line num="91" count="23" type="stmt"/>
      <line num="92" count="1" type="stmt"/>
      <line num="93" count="1" type="stmt"/>
      <line num="96" count="23" type="stmt"/>
      <line num="97" count="1" type="stmt"/>
      <line num="98" count="1" type="cond" truecount="1" falsecount="1"/>
      <line num="101" count="23" type="stmt"/>
      <line num="102" count="1" type="stmt"/>
      <line num="103" count="1" type="cond" truecount="1" falsecount="1"/>
      <line num="108" count="23" type="stmt"/>
      <line num="109" count="5" type="stmt"/>
      <line num="110" count="5" type="stmt"/>
      <line num="111" count="5" type="cond" truecount="1" falsecount="1"/>
      <line num="112" count="5" type="stmt"/>
      <line num="113" count="5" type="cond" truecount="1" falsecount="1"/>
      <line num="115" count="5" type="cond" truecount="2" falsecount="0"/>
      <line num="116" count="1" type="stmt"/>
      <line num="117" count="4" type="cond" truecount="2" falsecount="0"/>
      <line num="118" count="2" type="stmt"/>
      <line num="119" count="2" type="cond" truecount="1" falsecount="1"/>
      <line num="120" count="2" type="cond" truecount="1" falsecount="1"/>
      <line num="121" count="2" type="stmt"/>
      <line num="127" count="23" type="stmt"/>
      <line num="128" count="23" type="stmt"/>
      <line num="129" count="115" type="stmt"/>
      <line num="130" count="115" type="stmt"/>
      <line num="131" count="115" type="stmt"/>
      <line num="132" count="115" type="stmt"/>
      <line num="133" count="115" type="stmt"/>
      <line num="134" count="115" type="stmt"/>
      <line num="135" count="115" type="stmt"/>
      <line num="136" count="115" type="stmt"/>
      <line num="137" count="115" type="stmt"/>
      <line num="142" count="4" type="stmt"/>
      <line num="143" count="4" type="stmt"/>
      <line num="144" count="20" type="stmt"/>
      <line num="145" count="20" type="stmt"/>
      <line num="146" count="20" type="stmt"/>
      <line num="151" count="23" type="stmt"/>
      <line num="152" count="115" type="stmt"/>
      <line num="153" count="115" type="stmt"/>
      <line num="154" count="115" type="stmt"/>
      <line num="155" count="115" type="stmt"/>
      <line num="160" count="1" type="stmt"/>
      <line num="161" count="1" type="stmt"/>
      <line num="164" count="1" type="stmt"/>
      <line num="171" count="2" type="stmt"/>
      <line num="172" count="2" type="stmt"/>
      <line num="173" count="2" type="stmt"/>
      <line num="174" count="2" type="stmt"/>
      <line num="175" count="2" type="stmt"/>
      <line num="176" count="2" type="stmt"/>
      <line num="177" count="2" type="stmt"/>
      <line num="178" count="2" type="stmt"/>
      <line num="179" count="2" type="stmt"/>
      <line num="180" count="2" type="stmt"/>
      <line num="184" count="1" type="stmt"/>
      <line num="185" count="1" type="stmt"/>
      <line num="190" count="25" type="stmt"/>
      <line num="191" count="25" type="stmt"/>
      <line num="192" count="25" type="stmt"/>
      <line num="193" count="25" type="stmt"/>
      <line num="194" count="25" type="stmt"/>
      <line num="195" count="125" type="stmt"/>
      <line num="196" count="125" type="stmt"/>
      <line num="198" count="25" type="stmt"/>
      <line num="199" count="25" type="stmt"/>
      <line num="200" count="25" type="stmt"/>
      <line num="205" count="5" type="stmt"/>
      <line num="207" count="5" type="cond" truecount="2" falsecount="0"/>
      <line num="208" count="1" type="stmt"/>
      <line num="209" count="1" type="stmt"/>
      <line num="211" count="4" type="stmt"/>
      <line num="213" count="4" type="stmt"/>
      <line num="214" count="6" type="stmt"/>
      <line num="219" count="6" type="stmt"/>
      <line num="220" count="6" type="stmt"/>
      <line num="221" count="6" type="stmt"/>
      <line num="222" count="6" type="stmt"/>
      <line num="224" count="6" type="stmt"/>
      <line num="225" count="6" type="stmt"/>
      <line num="226" count="6" type="stmt"/>
      <line num="227" count="6" type="stmt"/>
      <line num="229" count="6" type="stmt"/>
      <line num="251" count="6" type="stmt"/>
      <line num="256" count="2" type="cond" truecount="2" falsecount="0"/>
      <line num="257" count="1" type="stmt"/>
      <line num="258" count="1" type="stmt"/>
      <line num="259" count="1" type="stmt"/>
      <line num="261" count="1" type="stmt"/>
      <line num="263" count="1" type="cond" truecount="1" falsecount="1"/>
      <line num="264" count="2" type="cond" truecount="1" falsecount="1"/>
      <line num="266" count="2" type="stmt"/>
      <line num="274" count="4" type="stmt"/>
      <line num="275" count="4" type="stmt"/>
      <line num="276" count="4" type="stmt"/>
      <line num="277" count="4" type="stmt"/>
      <line num="278" count="4" type="stmt"/>
      <line num="280" count="4" type="stmt"/>
      <line num="281" count="1" type="stmt"/>
      <line num="282" count="1" type="stmt"/>
    </file>
    <file name="utils.ts" path="C:\Users\Amalitech\Desktop\LABS\Amalitech-Apprenticeship-specialization-labs\FEM05_TYPESCRIPT\src\utils.ts">
      <metrics statements="11" coveredstatements="11" conditionals="4" coveredconditionals="4" methods="9" coveredmethods="9"/>
      <line num="13" count="6" type="stmt"/>
      <line num="20" count="56" type="stmt"/>
      <line num="27" count="10" type="stmt"/>
      <line num="40" count="10" type="cond" truecount="2" falsecount="0"/>
      <line num="41" count="3" type="stmt"/>
      <line num="50" count="21" type="stmt"/>
      <line num="51" count="21" type="stmt"/>
      <line num="52" count="21" type="stmt"/>
      <line num="64" count="4" type="stmt"/>
      <line num="65" count="7" type="cond" truecount="2" falsecount="0"/>
      <line num="66" count="7" type="stmt"/>
    </file>
  </project>
</coverage>
