{"C:\\Users\\Amalitech\\Desktop\\LABS\\Amalitech-Apprenticeship-specialization-labs\\FEM05_TYPESCRIPT\\src\\journal.ts": {"path":"C:\\Users\\Amalitech\\Desktop\\LABS\\Amalitech-Apprenticeship-specialization-labs\\FEM05_TYPESCRIPT\\src\\journal.ts","statementMap":{"0":{"start":{"line":10,"column":34},"end":{"line":10,"column":null}},"1":{"start":{"line":13,"column":4},"end":{"line":13,"column":null}},"2":{"start":{"line":18,"column":4},"end":{"line":18,"column":null}},"3":{"start":{"line":22,"column":4},"end":{"line":22,"column":null}},"4":{"start":{"line":23,"column":4},"end":{"line":23,"column":null}},"5":{"start":{"line":23,"column":43},"end":{"line":23,"column":null}},"6":{"start":{"line":27,"column":4},"end":{"line":27,"column":null}},"7":{"start":{"line":32,"column":4},"end":{"line":34,"column":null}},"8":{"start":{"line":33,"column":6},"end":{"line":33,"column":null}},"9":{"start":{"line":35,"column":4},"end":{"line":37,"column":null}},"10":{"start":{"line":36,"column":6},"end":{"line":36,"column":null}},"11":{"start":{"line":39,"column":33},"end":{"line":43,"column":null}},"12":{"start":{"line":45,"column":32},"end":{"line":49,"column":null}},"13":{"start":{"line":51,"column":4},"end":{"line":51,"column":null}},"14":{"start":{"line":52,"column":4},"end":{"line":52,"column":null}},"15":{"start":{"line":53,"column":4},"end":{"line":53,"column":null}},"16":{"start":{"line":57,"column":47},"end":{"line":57,"column":null}},"17":{"start":{"line":58,"column":4},"end":{"line":58,"column":null}},"18":{"start":{"line":58,"column":19},"end":{"line":58,"column":null}},"19":{"start":{"line":60,"column":34},"end":{"line":65,"column":null}},"20":{"start":{"line":67,"column":4},"end":{"line":67,"column":null}},"21":{"start":{"line":67,"column":48},"end":{"line":67,"column":82}},"22":{"start":{"line":68,"column":4},"end":{"line":68,"column":null}},"23":{"start":{"line":69,"column":4},"end":{"line":69,"column":null}},"24":{"start":{"line":73,"column":34},"end":{"line":73,"column":null}},"25":{"start":{"line":74,"column":4},"end":{"line":74,"column":null}},"26":{"start":{"line":74,"column":50},"end":{"line":74,"column":65}},"27":{"start":{"line":75,"column":31},"end":{"line":75,"column":null}},"28":{"start":{"line":76,"column":4},"end":{"line":76,"column":null}},"29":{"start":{"line":76,"column":19},"end":{"line":76,"column":null}},"30":{"start":{"line":77,"column":4},"end":{"line":77,"column":null}},"31":{"start":{"line":81,"column":10},"end":{"line":81,"column":null}},"32":{"start":{"line":83,"column":4},"end":{"line":90,"column":null}},"33":{"start":{"line":84,"column":35},"end":{"line":84,"column":null}},"34":{"start":{"line":86,"column":8},"end":{"line":88,"column":null}},"35":{"start":{"line":89,"column":6},"end":{"line":89,"column":null}},"36":{"start":{"line":94,"column":4},"end":{"line":96,"column":null}},"37":{"start":{"line":95,"column":6},"end":{"line":95,"column":null}},"38":{"start":{"line":98,"column":19},"end":{"line":98,"column":null}},"39":{"start":{"line":99,"column":4},"end":{"line":101,"column":null}},"40":{"start":{"line":100,"column":6},"end":{"line":100,"column":null}},"41":{"start":{"line":103,"column":40},"end":{"line":103,"column":null}},"42":{"start":{"line":104,"column":23},"end":{"line":104,"column":null}},"43":{"start":{"line":105,"column":4},"end":{"line":110,"column":null}},"44":{"start":{"line":106,"column":6},"end":{"line":109,"column":null}},"45":{"start":{"line":107,"column":8},"end":{"line":107,"column":null}},"46":{"start":{"line":108,"column":8},"end":{"line":108,"column":null}},"47":{"start":{"line":112,"column":4},"end":{"line":112,"column":null}}},"fnMap":{"0":{"name":"constructor","decl":{"start":{"line":12,"column":2},"end":{"line":12,"column":16}},"loc":{"start":{"line":12,"column":16},"end":{"line":14,"column":null}},"line":12},"1":{"name":"subscribe","decl":{"start":{"line":17,"column":2},"end":{"line":17,"column":12}},"loc":{"start":{"line":17,"column":38},"end":{"line":19,"column":null}},"line":17},"2":{"name":"notify","decl":{"start":{"line":21,"column":2},"end":{"line":21,"column":10}},"loc":{"start":{"line":21,"column":25},"end":{"line":24,"column":null}},"line":21},"3":{"name":"getAll","decl":{"start":{"line":26,"column":2},"end":{"line":26,"column":27}},"loc":{"start":{"line":26,"column":27},"end":{"line":28,"column":null}},"line":26},"4":{"name":"addEntry","decl":{"start":{"line":31,"column":2},"end":{"line":31,"column":11}},"loc":{"start":{"line":31,"column":57},"end":{"line":54,"column":null}},"line":31},"5":{"name":"editEntry","decl":{"start":{"line":56,"column":2},"end":{"line":56,"column":12}},"loc":{"start":{"line":56,"column":55},"end":{"line":70,"column":null}},"line":56},"6":{"name":"(anonymous_6)","decl":{"start":{"line":67,"column":32},"end":{"line":67,"column":37}},"loc":{"start":{"line":67,"column":48},"end":{"line":67,"column":82}},"line":67},"7":{"name":"deleteEntry","decl":{"start":{"line":72,"column":2},"end":{"line":72,"column":14}},"loc":{"start":{"line":72,"column":35},"end":{"line":78,"column":null}},"line":72},"8":{"name":"(anonymous_8)","decl":{"start":{"line":74,"column":32},"end":{"line":74,"column":40}},"loc":{"start":{"line":74,"column":50},"end":{"line":74,"column":65}},"line":74},"9":{"name":"filterEntries","decl":{"start":{"line":80,"column":2},"end":{"line":80,"column":16}},"loc":{"start":{"line":80,"column":67},"end":{"line":91,"column":null}},"line":80},"10":{"name":"(anonymous_10)","decl":{"start":{"line":83,"column":24},"end":{"line":83,"column":32}},"loc":{"start":{"line":83,"column":42},"end":{"line":90,"column":5}},"line":83},"11":{"name":"getStats","decl":{"start":{"line":93,"column":2},"end":{"line":93,"column":27}},"loc":{"start":{"line":93,"column":27},"end":{"line":113,"column":null}},"line":93}},"branchMap":{"0":{"loc":{"start":{"line":32,"column":4},"end":{"line":34,"column":null}},"type":"if","locations":[{"start":{"line":32,"column":4},"end":{"line":34,"column":null}},{"start":{},"end":{}}],"line":32},"1":{"loc":{"start":{"line":32,"column":8},"end":{"line":32,"column":49}},"type":"binary-expr","locations":[{"start":{"line":32,"column":8},"end":{"line":32,"column":26}},{"start":{"line":32,"column":26},"end":{"line":32,"column":49}}],"line":32},"2":{"loc":{"start":{"line":35,"column":4},"end":{"line":37,"column":null}},"type":"if","locations":[{"start":{"line":35,"column":4},"end":{"line":37,"column":null}},{"start":{},"end":{}}],"line":35},"3":{"loc":{"start":{"line":41,"column":16},"end":{"line":41,"column":37}},"type":"binary-expr","locations":[{"start":{"line":41,"column":16},"end":{"line":41,"column":35}},{"start":{"line":41,"column":35},"end":{"line":41,"column":37}}],"line":41},"4":{"loc":{"start":{"line":58,"column":4},"end":{"line":58,"column":null}},"type":"if","locations":[{"start":{"line":58,"column":4},"end":{"line":58,"column":null}},{"start":{},"end":{}}],"line":58},"5":{"loc":{"start":{"line":67,"column":48},"end":{"line":67,"column":82}},"type":"cond-expr","locations":[{"start":{"line":67,"column":66},"end":{"line":67,"column":76}},{"start":{"line":67,"column":76},"end":{"line":67,"column":82}}],"line":67},"6":{"loc":{"start":{"line":76,"column":4},"end":{"line":76,"column":null}},"type":"if","locations":[{"start":{"line":76,"column":4},"end":{"line":76,"column":null}},{"start":{},"end":{}}],"line":76},"7":{"loc":{"start":{"line":81,"column":27},"end":{"line":81,"column":44}},"type":"binary-expr","locations":[{"start":{"line":81,"column":27},"end":{"line":81,"column":42}},{"start":{"line":81,"column":42},"end":{"line":81,"column":44}}],"line":81},"8":{"loc":{"start":{"line":84,"column":35},"end":{"line":84,"column":null}},"type":"binary-expr","locations":[{"start":{"line":84,"column":35},"end":{"line":84,"column":44}},{"start":{"line":84,"column":44},"end":{"line":84,"column":null}}],"line":84},"9":{"loc":{"start":{"line":86,"column":8},"end":{"line":88,"column":null}},"type":"binary-expr","locations":[{"start":{"line":86,"column":8},"end":{"line":86,"column":null}},{"start":{"line":87,"column":8},"end":{"line":87,"column":null}},{"start":{"line":88,"column":8},"end":{"line":88,"column":null}}],"line":86},"10":{"loc":{"start":{"line":89,"column":13},"end":{"line":89,"column":null}},"type":"binary-expr","locations":[{"start":{"line":89,"column":13},"end":{"line":89,"column":28}},{"start":{"line":89,"column":28},"end":{"line":89,"column":null}}],"line":89},"11":{"loc":{"start":{"line":94,"column":4},"end":{"line":96,"column":null}},"type":"if","locations":[{"start":{"line":94,"column":4},"end":{"line":96,"column":null}},{"start":{},"end":{}}],"line":94},"12":{"loc":{"start":{"line":100,"column":30},"end":{"line":100,"column":61}},"type":"binary-expr","locations":[{"start":{"line":100,"column":30},"end":{"line":100,"column":56}},{"start":{"line":100,"column":56},"end":{"line":100,"column":61}}],"line":100},"13":{"loc":{"start":{"line":106,"column":6},"end":{"line":109,"column":null}},"type":"if","locations":[{"start":{"line":106,"column":6},"end":{"line":109,"column":null}},{"start":{},"end":{}}],"line":106}},"s":{"0":28,"1":28,"2":1,"3":38,"4":38,"5":1,"6":9,"7":37,"8":2,"9":35,"10":1,"11":34,"12":37,"13":37,"14":37,"15":37,"16":3,"17":3,"18":1,"19":2,"20":2,"21":2,"22":2,"23":2,"24":3,"25":3,"26":2,"27":3,"28":3,"29":2,"30":3,"31":6,"32":6,"33":18,"34":18,"35":18,"36":3,"37":1,"38":2,"39":2,"40":5,"41":2,"42":2,"43":2,"44":3,"45":2,"46":2,"47":2},"f":{"0":28,"1":1,"2":38,"3":9,"4":37,"5":3,"6":2,"7":3,"8":2,"9":6,"10":18,"11":3},"b":{"0":[2,35],"1":[37,36],"2":[1,34],"3":[34,15],"4":[1,2],"5":[2,0],"6":[2,1],"7":[6,3],"8":[18,9],"9":[18,9,7],"10":[18,11],"11":[1,2],"12":[5,3],"13":[2,1]},"meta":{"lastBranch":14,"lastFunction":12,"lastStatement":48,"seen":{"f:12:2:12:16":0,"s:10:34:10:Infinity":0,"s:13:4:13:Infinity":1,"f:17:2:17:12":1,"s:18:4:18:Infinity":2,"f:21:2:21:10":2,"s:22:4:22:Infinity":3,"s:23:4:23:Infinity":4,"s:23:43:23:Infinity":5,"f:26:2:26:27":3,"s:27:4:27:Infinity":6,"f:31:2:31:11":4,"b:32:4:34:Infinity:undefined:undefined:undefined:undefined":0,"s:32:4:34:Infinity":7,"b:32:8:32:26:32:26:32:49":1,"s:33:6:33:Infinity":8,"b:35:4:37:Infinity:undefined:undefined:undefined:undefined":2,"s:35:4:37:Infinity":9,"s:36:6:36:Infinity":10,"s:39:33:43:Infinity":11,"b:41:16:41:35:41:35:41:37":3,"s:45:32:49:Infinity":12,"s:51:4:51:Infinity":13,"s:52:4:52:Infinity":14,"s:53:4:53:Infinity":15,"f:56:2:56:12":5,"s:57:47:57:Infinity":16,"b:58:4:58:Infinity:undefined:undefined:undefined:undefined":4,"s:58:4:58:Infinity":17,"s:58:19:58:Infinity":18,"s:60:34:65:Infinity":19,"s:67:4:67:Infinity":20,"f:67:32:67:37":6,"s:67:48:67:82":21,"b:67:66:67:76:67:76:67:82":5,"s:68:4:68:Infinity":22,"s:69:4:69:Infinity":23,"f:72:2:72:14":7,"s:73:34:73:Infinity":24,"s:74:4:74:Infinity":25,"f:74:32:74:40":8,"s:74:50:74:65":26,"s:75:31:75:Infinity":27,"b:76:4:76:Infinity:undefined:undefined:undefined:undefined":6,"s:76:4:76:Infinity":28,"s:76:19:76:Infinity":29,"s:77:4:77:Infinity":30,"f:80:2:80:16":9,"s:81:10:81:Infinity":31,"b:81:27:81:42:81:42:81:44":7,"s:83:4:90:Infinity":32,"f:83:24:83:32":10,"s:84:35:84:Infinity":33,"b:84:35:84:44:84:44:84:Infinity":8,"s:86:8:88:Infinity":34,"b:86:8:86:Infinity:87:8:87:Infinity:88:8:88:Infinity":9,"s:89:6:89:Infinity":35,"b:89:13:89:28:89:28:89:Infinity":10,"f:93:2:93:27":11,"b:94:4:96:Infinity:undefined:undefined:undefined:undefined":11,"s:94:4:96:Infinity":36,"s:95:6:95:Infinity":37,"s:98:19:98:Infinity":38,"s:99:4:101:Infinity":39,"s:100:6:100:Infinity":40,"b:100:30:100:56:100:56:100:61":12,"s:103:40:103:Infinity":41,"s:104:23:104:Infinity":42,"s:105:4:110:Infinity":43,"b:106:6:109:Infinity:undefined:undefined:undefined:undefined":13,"s:106:6:109:Infinity":44,"s:107:8:107:Infinity":45,"s:108:8:108:Infinity":46,"s:112:4:112:Infinity":47},"fnNames":{}}}
,"C:\\Users\\Amalitech\\Desktop\\LABS\\Amalitech-Apprenticeship-specialization-labs\\FEM05_TYPESCRIPT\\src\\storage.ts": {"path":"C:\\Users\\Amalitech\\Desktop\\LABS\\Amalitech-Apprenticeship-specialization-labs\\FEM05_TYPESCRIPT\\src\\storage.ts","statementMap":{"0":{"start":{"line":7,"column":20},"end":{"line":7,"column":null}},"1":{"start":{"line":17,"column":2},"end":{"line":17,"column":null}},"2":{"start":{"line":17,"column":51},"end":{"line":17,"column":null}},"3":{"start":{"line":18,"column":20},"end":{"line":18,"column":null}},"4":{"start":{"line":19,"column":2},"end":{"line":25,"column":null}},"5":{"start":{"line":35,"column":29},"end":{"line":35,"column":null}},"6":{"start":{"line":36,"column":2},"end":{"line":36,"column":null}},"7":{"start":{"line":36,"column":20},"end":{"line":36,"column":null}},"8":{"start":{"line":38,"column":2},"end":{"line":44,"column":null}},"9":{"start":{"line":39,"column":28},"end":{"line":39,"column":null}},"10":{"start":{"line":40,"column":4},"end":{"line":40,"column":null}},"11":{"start":{"line":40,"column":32},"end":{"line":40,"column":null}},"12":{"start":{"line":41,"column":4},"end":{"line":41,"column":null}},"13":{"start":{"line":43,"column":4},"end":{"line":43,"column":null}},"14":{"start":{"line":51,"column":2},"end":{"line":51,"column":null}}},"fnMap":{"0":{"name":"isJournalEntry","decl":{"start":{"line":16,"column":9},"end":{"line":16,"column":24}},"loc":{"start":{"line":16,"column":63},"end":{"line":27,"column":null}},"line":16},"1":{"name":"loadJournal","decl":{"start":{"line":34,"column":16},"end":{"line":34,"column":39}},"loc":{"start":{"line":34,"column":39},"end":{"line":45,"column":null}},"line":34},"2":{"name":"saveJournal","decl":{"start":{"line":50,"column":16},"end":{"line":50,"column":28}},"loc":{"start":{"line":50,"column":52},"end":{"line":52,"column":null}},"line":50}},"branchMap":{"0":{"loc":{"start":{"line":17,"column":2},"end":{"line":17,"column":null}},"type":"if","locations":[{"start":{"line":17,"column":2},"end":{"line":17,"column":null}},{"start":{},"end":{}}],"line":17},"1":{"loc":{"start":{"line":17,"column":6},"end":{"line":17,"column":51}},"type":"binary-expr","locations":[{"start":{"line":17,"column":6},"end":{"line":17,"column":35}},{"start":{"line":17,"column":35},"end":{"line":17,"column":51}}],"line":17},"2":{"loc":{"start":{"line":20,"column":4},"end":{"line":25,"column":null}},"type":"binary-expr","locations":[{"start":{"line":20,"column":4},"end":{"line":20,"column":null}},{"start":{"line":21,"column":4},"end":{"line":21,"column":null}},{"start":{"line":22,"column":4},"end":{"line":22,"column":null}},{"start":{"line":23,"column":4},"end":{"line":23,"column":null}},{"start":{"line":24,"column":4},"end":{"line":24,"column":null}},{"start":{"line":25,"column":5},"end":{"line":25,"column":41}},{"start":{"line":25,"column":41},"end":{"line":25,"column":null}}],"line":20},"3":{"loc":{"start":{"line":36,"column":2},"end":{"line":36,"column":null}},"type":"if","locations":[{"start":{"line":36,"column":2},"end":{"line":36,"column":null}},{"start":{},"end":{}}],"line":36},"4":{"loc":{"start":{"line":40,"column":4},"end":{"line":40,"column":null}},"type":"if","locations":[{"start":{"line":40,"column":4},"end":{"line":40,"column":null}},{"start":{},"end":{}}],"line":40}},"s":{"0":2,"1":13,"2":3,"3":10,"4":10,"5":37,"6":37,"7":26,"8":11,"9":11,"10":11,"11":1,"12":9,"13":1,"14":42},"f":{"0":13,"1":37,"2":42},"b":{"0":[3,10],"1":[13,11],"2":[10,10,9,9,9,8,1],"3":[26,11],"4":[1,10]},"meta":{"lastBranch":5,"lastFunction":3,"lastStatement":15,"seen":{"s:7:20:7:Infinity":0,"f:16:9:16:24":0,"b:17:2:17:Infinity:undefined:undefined:undefined:undefined":0,"s:17:2:17:Infinity":1,"b:17:6:17:35:17:35:17:51":1,"s:17:51:17:Infinity":2,"s:18:20:18:Infinity":3,"s:19:2:25:Infinity":4,"b:20:4:20:Infinity:21:4:21:Infinity:22:4:22:Infinity:23:4:23:Infinity:24:4:24:Infinity:25:5:25:41:25:41:25:Infinity":2,"f:34:16:34:39":1,"s:35:29:35:Infinity":5,"b:36:2:36:Infinity:undefined:undefined:undefined:undefined":3,"s:36:2:36:Infinity":6,"s:36:20:36:Infinity":7,"s:38:2:44:Infinity":8,"s:39:28:39:Infinity":9,"b:40:4:40:Infinity:undefined:undefined:undefined:undefined":4,"s:40:4:40:Infinity":10,"s:40:32:40:Infinity":11,"s:41:4:41:Infinity":12,"s:43:4:43:Infinity":13,"f:50:16:50:28":2,"s:51:2:51:Infinity":14},"fnNames":{}}}
,"C:\\Users\\Amalitech\\Desktop\\LABS\\Amalitech-Apprenticeship-specialization-labs\\FEM05_TYPESCRIPT\\src\\types.ts": {"path":"C:\\Users\\Amalitech\\Desktop\\LABS\\Amalitech-Apprenticeship-specialization-labs\\FEM05_TYPESCRIPT\\src\\types.ts","statementMap":{"0":{"start":{"line":6,"column":7},"end":{"line":12,"column":null}},"1":{"start":{"line":7,"column":2},"end":{"line":7,"column":null}},"2":{"start":{"line":8,"column":2},"end":{"line":8,"column":null}},"3":{"start":{"line":9,"column":2},"end":{"line":9,"column":null}},"4":{"start":{"line":10,"column":2},"end":{"line":10,"column":null}},"5":{"start":{"line":11,"column":2},"end":{"line":11,"column":null}},"6":{"start":{"line":36,"column":49},"end":{"line":42,"column":null}}},"fnMap":{"0":{"name":"(anonymous_0)","decl":{"start":{"line":6,"column":7},"end":{"line":6,"column":12}},"loc":{"start":{"line":6,"column":7},"end":{"line":12,"column":null}},"line":6}},"branchMap":{},"s":{"0":3,"1":3,"2":3,"3":3,"4":3,"5":3,"6":3},"f":{"0":3},"b":{},"meta":{"lastBranch":0,"lastFunction":1,"lastStatement":7,"seen":{"s:6:7:12:Infinity":0,"f:6:7:6:12":0,"s:7:2:7:Infinity":1,"s:8:2:8:Infinity":2,"s:9:2:9:Infinity":3,"s:10:2:10:Infinity":4,"s:11:2:11:Infinity":5,"s:36:49:42:Infinity":6},"fnNames":{}}}
,"C:\\Users\\Amalitech\\Desktop\\LABS\\Amalitech-Apprenticeship-specialization-labs\\FEM05_TYPESCRIPT\\src\\ui.ts": {"path":"C:\\Users\\Amalitech\\Desktop\\LABS\\Amalitech-Apprenticeship-specialization-labs\\FEM05_TYPESCRIPT\\src\\ui.ts","statementMap":{"0":{"start":{"line":10,"column":23},"end":{"line":10,"column":null}},"1":{"start":{"line":42,"column":32},"end":{"line":42,"column":null}},"2":{"start":{"line":43,"column":31},"end":{"line":43,"column":null}},"3":{"start":{"line":46,"column":18},"end":{"line":46,"column":null}},"4":{"start":{"line":47,"column":2},"end":{"line":47,"column":null}},"5":{"start":{"line":47,"column":16},"end":{"line":47,"column":null}},"6":{"start":{"line":48,"column":2},"end":{"line":48,"column":null}},"7":{"start":{"line":57,"column":2},"end":{"line":57,"column":null}},"8":{"start":{"line":58,"column":2},"end":{"line":58,"column":null}},"9":{"start":{"line":59,"column":2},"end":{"line":59,"column":null}},"10":{"start":{"line":60,"column":2},"end":{"line":60,"column":null}},"11":{"start":{"line":61,"column":2},"end":{"line":61,"column":null}},"12":{"start":{"line":62,"column":2},"end":{"line":62,"column":null}},"13":{"start":{"line":63,"column":2},"end":{"line":63,"column":null}},"14":{"start":{"line":64,"column":2},"end":{"line":64,"column":null}},"15":{"start":{"line":65,"column":2},"end":{"line":65,"column":null}},"16":{"start":{"line":66,"column":2},"end":{"line":66,"column":null}},"17":{"start":{"line":67,"column":2},"end":{"line":67,"column":null}},"18":{"start":{"line":68,"column":2},"end":{"line":68,"column":null}},"19":{"start":{"line":69,"column":2},"end":{"line":69,"column":null}},"20":{"start":{"line":70,"column":2},"end":{"line":70,"column":null}},"21":{"start":{"line":72,"column":2},"end":{"line":72,"column":null}},"22":{"start":{"line":73,"column":2},"end":{"line":73,"column":null}},"23":{"start":{"line":75,"column":2},"end":{"line":77,"column":null}},"24":{"start":{"line":76,"column":4},"end":{"line":76,"column":null}},"25":{"start":{"line":79,"column":2},"end":{"line":89,"column":null}},"26":{"start":{"line":80,"column":4},"end":{"line":80,"column":null}},"27":{"start":{"line":81,"column":4},"end":{"line":84,"column":null}},"28":{"start":{"line":82,"column":6},"end":{"line":82,"column":null}},"29":{"start":{"line":83,"column":6},"end":{"line":83,"column":null}},"30":{"start":{"line":85,"column":4},"end":{"line":88,"column":null}},"31":{"start":{"line":91,"column":2},"end":{"line":94,"column":null}},"32":{"start":{"line":92,"column":4},"end":{"line":92,"column":null}},"33":{"start":{"line":93,"column":4},"end":{"line":93,"column":null}},"34":{"start":{"line":96,"column":2},"end":{"line":99,"column":null}},"35":{"start":{"line":97,"column":18},"end":{"line":97,"column":null}},"36":{"start":{"line":98,"column":4},"end":{"line":98,"column":null}},"37":{"start":{"line":101,"column":2},"end":{"line":104,"column":null}},"38":{"start":{"line":102,"column":18},"end":{"line":102,"column":null}},"39":{"start":{"line":103,"column":4},"end":{"line":103,"column":null}},"40":{"start":{"line":108,"column":2},"end":{"line":123,"column":null}},"41":{"start":{"line":109,"column":19},"end":{"line":109,"column":null}},"42":{"start":{"line":110,"column":17},"end":{"line":110,"column":null}},"43":{"start":{"line":111,"column":4},"end":{"line":111,"column":null}},"44":{"start":{"line":111,"column":15},"end":{"line":111,"column":null}},"45":{"start":{"line":112,"column":15},"end":{"line":112,"column":null}},"46":{"start":{"line":113,"column":4},"end":{"line":113,"column":null}},"47":{"start":{"line":113,"column":13},"end":{"line":113,"column":null}},"48":{"start":{"line":115,"column":4},"end":{"line":122,"column":null}},"49":{"start":{"line":116,"column":6},"end":{"line":116,"column":null}},"50":{"start":{"line":117,"column":11},"end":{"line":122,"column":null}},"51":{"start":{"line":118,"column":20},"end":{"line":118,"column":null}},"52":{"start":{"line":119,"column":6},"end":{"line":119,"column":null}},"53":{"start":{"line":119,"column":17},"end":{"line":119,"column":null}},"54":{"start":{"line":120,"column":11},"end":{"line":122,"column":null}},"55":{"start":{"line":121,"column":6},"end":{"line":121,"column":null}},"56":{"start":{"line":127,"column":2},"end":{"line":127,"column":null}},"57":{"start":{"line":128,"column":2},"end":{"line":138,"column":null}},"58":{"start":{"line":129,"column":17},"end":{"line":129,"column":null}},"59":{"start":{"line":130,"column":19},"end":{"line":130,"column":null}},"60":{"start":{"line":131,"column":4},"end":{"line":131,"column":null}},"61":{"start":{"line":132,"column":4},"end":{"line":132,"column":null}},"62":{"start":{"line":133,"column":4},"end":{"line":133,"column":null}},"63":{"start":{"line":134,"column":4},"end":{"line":134,"column":null}},"64":{"start":{"line":135,"column":4},"end":{"line":135,"column":null}},"65":{"start":{"line":136,"column":4},"end":{"line":136,"column":null}},"66":{"start":{"line":136,"column":43},"end":{"line":136,"column":59}},"67":{"start":{"line":137,"column":4},"end":{"line":137,"column":null}},"68":{"start":{"line":142,"column":2},"end":{"line":142,"column":null}},"69":{"start":{"line":143,"column":2},"end":{"line":147,"column":null}},"70":{"start":{"line":144,"column":21},"end":{"line":144,"column":null}},"71":{"start":{"line":145,"column":4},"end":{"line":145,"column":null}},"72":{"start":{"line":146,"column":4},"end":{"line":146,"column":null}},"73":{"start":{"line":151,"column":2},"end":{"line":156,"column":null}},"74":{"start":{"line":152,"column":19},"end":{"line":152,"column":null}},"75":{"start":{"line":153,"column":4},"end":{"line":153,"column":null}},"76":{"start":{"line":154,"column":4},"end":{"line":154,"column":null}},"77":{"start":{"line":155,"column":4},"end":{"line":155,"column":null}},"78":{"start":{"line":160,"column":2},"end":{"line":160,"column":null}},"79":{"start":{"line":161,"column":2},"end":{"line":167,"column":null}},"80":{"start":{"line":164,"column":6},"end":{"line":164,"column":null}},"81":{"start":{"line":171,"column":2},"end":{"line":171,"column":null}},"82":{"start":{"line":172,"column":2},"end":{"line":172,"column":null}},"83":{"start":{"line":173,"column":2},"end":{"line":173,"column":null}},"84":{"start":{"line":174,"column":2},"end":{"line":174,"column":null}},"85":{"start":{"line":175,"column":2},"end":{"line":175,"column":null}},"86":{"start":{"line":176,"column":2},"end":{"line":176,"column":null}},"87":{"start":{"line":177,"column":2},"end":{"line":177,"column":null}},"88":{"start":{"line":178,"column":2},"end":{"line":178,"column":null}},"89":{"start":{"line":179,"column":2},"end":{"line":179,"column":null}},"90":{"start":{"line":180,"column":2},"end":{"line":180,"column":null}},"91":{"start":{"line":184,"column":2},"end":{"line":184,"column":null}},"92":{"start":{"line":185,"column":2},"end":{"line":185,"column":null}},"93":{"start":{"line":190,"column":2},"end":{"line":190,"column":null}},"94":{"start":{"line":191,"column":2},"end":{"line":191,"column":null}},"95":{"start":{"line":192,"column":2},"end":{"line":192,"column":null}},"96":{"start":{"line":193,"column":2},"end":{"line":193,"column":null}},"97":{"start":{"line":194,"column":2},"end":{"line":197,"column":null}},"98":{"start":{"line":195,"column":4},"end":{"line":195,"column":null}},"99":{"start":{"line":196,"column":4},"end":{"line":196,"column":null}},"100":{"start":{"line":198,"column":2},"end":{"line":198,"column":null}},"101":{"start":{"line":199,"column":2},"end":{"line":199,"column":null}},"102":{"start":{"line":200,"column":2},"end":{"line":200,"column":null}},"103":{"start":{"line":205,"column":2},"end":{"line":205,"column":null}},"104":{"start":{"line":207,"column":2},"end":{"line":210,"column":null}},"105":{"start":{"line":208,"column":4},"end":{"line":208,"column":null}},"106":{"start":{"line":209,"column":4},"end":{"line":209,"column":null}},"107":{"start":{"line":211,"column":2},"end":{"line":211,"column":null}},"108":{"start":{"line":213,"column":2},"end":{"line":215,"column":null}},"109":{"start":{"line":214,"column":4},"end":{"line":214,"column":null}},"110":{"start":{"line":219,"column":15},"end":{"line":219,"column":null}},"111":{"start":{"line":220,"column":15},"end":{"line":220,"column":null}},"112":{"start":{"line":221,"column":2},"end":{"line":221,"column":null}},"113":{"start":{"line":222,"column":2},"end":{"line":222,"column":null}},"114":{"start":{"line":224,"column":17},"end":{"line":224,"column":null}},"115":{"start":{"line":225,"column":20},"end":{"line":225,"column":null}},"116":{"start":{"line":226,"column":22},"end":{"line":226,"column":null}},"117":{"start":{"line":227,"column":18},"end":{"line":227,"column":null}},"118":{"start":{"line":229,"column":2},"end":{"line":244,"column":null}},"119":{"start":{"line":251,"column":2},"end":{"line":251,"column":null}},"120":{"start":{"line":256,"column":2},"end":{"line":260,"column":null}},"121":{"start":{"line":257,"column":4},"end":{"line":257,"column":null}},"122":{"start":{"line":258,"column":4},"end":{"line":258,"column":null}},"123":{"start":{"line":259,"column":4},"end":{"line":259,"column":null}},"124":{"start":{"line":261,"column":2},"end":{"line":261,"column":null}},"125":{"start":{"line":263,"column":20},"end":{"line":263,"column":null}},"126":{"start":{"line":264,"column":20},"end":{"line":264,"column":null}},"127":{"start":{"line":266,"column":2},"end":{"line":268,"column":null}},"128":{"start":{"line":274,"column":16},"end":{"line":274,"column":null}},"129":{"start":{"line":275,"column":2},"end":{"line":275,"column":null}},"130":{"start":{"line":276,"column":2},"end":{"line":276,"column":null}},"131":{"start":{"line":277,"column":2},"end":{"line":277,"column":null}},"132":{"start":{"line":278,"column":2},"end":{"line":278,"column":null}},"133":{"start":{"line":280,"column":2},"end":{"line":283,"column":null}},"134":{"start":{"line":281,"column":4},"end":{"line":281,"column":null}},"135":{"start":{"line":282,"column":4},"end":{"line":282,"column":null}},"136":{"start":{"line":282,"column":49},"end":{"line":282,"column":65}}},"fnMap":{"0":{"name":"byId","decl":{"start":{"line":45,"column":9},"end":{"line":45,"column":37}},"loc":{"start":{"line":45,"column":52},"end":{"line":49,"column":null}},"line":45},"1":{"name":"initUI","decl":{"start":{"line":56,"column":16},"end":{"line":56,"column":23}},"loc":{"start":{"line":56,"column":53},"end":{"line":124,"column":null}},"line":56},"2":{"name":"(anonymous_2)","decl":{"start":{"line":75,"column":32},"end":{"line":75,"column":47}},"loc":{"start":{"line":75,"column":47},"end":{"line":77,"column":3}},"line":75},"3":{"name":"(anonymous_3)","decl":{"start":{"line":79,"column":24},"end":{"line":79,"column":35}},"loc":{"start":{"line":79,"column":58},"end":{"line":89,"column":3}},"line":79},"4":{"name":"(anonymous_4)","decl":{"start":{"line":91,"column":32},"end":{"line":91,"column":47}},"loc":{"start":{"line":91,"column":47},"end":{"line":94,"column":3}},"line":91},"5":{"name":"(anonymous_5)","decl":{"start":{"line":96,"column":30},"end":{"line":96,"column":46}},"loc":{"start":{"line":96,"column":46},"end":{"line":99,"column":3}},"line":96},"6":{"name":"(anonymous_6)","decl":{"start":{"line":101,"column":31},"end":{"line":101,"column":46}},"loc":{"start":{"line":101,"column":46},"end":{"line":104,"column":3}},"line":101},"7":{"name":"(anonymous_7)","decl":{"start":{"line":108,"column":31},"end":{"line":108,"column":41}},"loc":{"start":{"line":108,"column":63},"end":{"line":123,"column":3}},"line":108},"8":{"name":"buildMoodSelector","decl":{"start":{"line":126,"column":9},"end":{"line":126,"column":35}},"loc":{"start":{"line":126,"column":35},"end":{"line":139,"column":null}},"line":126},"9":{"name":"(anonymous_9)","decl":{"start":{"line":128,"column":37},"end":{"line":128,"column":46}},"loc":{"start":{"line":128,"column":55},"end":{"line":138,"column":3}},"line":128},"10":{"name":"(anonymous_10)","decl":{"start":{"line":136,"column":28},"end":{"line":136,"column":43}},"loc":{"start":{"line":136,"column":43},"end":{"line":136,"column":59}},"line":136},"11":{"name":"selectMood","decl":{"start":{"line":141,"column":9},"end":{"line":141,"column":20}},"loc":{"start":{"line":141,"column":38},"end":{"line":148,"column":null}},"line":141},"12":{"name":"(anonymous_12)","decl":{"start":{"line":143,"column":65},"end":{"line":143,"column":74}},"loc":{"start":{"line":143,"column":83},"end":{"line":147,"column":3}},"line":143},"13":{"name":"buildMoodFilterOptions","decl":{"start":{"line":150,"column":9},"end":{"line":150,"column":40}},"loc":{"start":{"line":150,"column":40},"end":{"line":157,"column":null}},"line":150},"14":{"name":"(anonymous_14)","decl":{"start":{"line":151,"column":37},"end":{"line":151,"column":46}},"loc":{"start":{"line":151,"column":55},"end":{"line":156,"column":3}},"line":151},"15":{"name":"handleDelete","decl":{"start":{"line":159,"column":9},"end":{"line":159,"column":22}},"loc":{"start":{"line":159,"column":91},"end":{"line":168,"column":null}},"line":159},"16":{"name":"(anonymous_16)","decl":{"start":{"line":162,"column":4},"end":{"line":162,"column":null}},"loc":{"start":{"line":163,"column":10},"end":{"line":165,"column":null}},"line":163},"17":{"name":"enterEditMode","decl":{"start":{"line":170,"column":9},"end":{"line":170,"column":23}},"loc":{"start":{"line":170,"column":50},"end":{"line":181,"column":null}},"line":170},"18":{"name":"exitEditMode","decl":{"start":{"line":183,"column":9},"end":{"line":183,"column":30}},"loc":{"start":{"line":183,"column":30},"end":{"line":186,"column":null}},"line":183},"19":{"name":"resetForm","decl":{"start":{"line":189,"column":16},"end":{"line":189,"column":34}},"loc":{"start":{"line":189,"column":34},"end":{"line":201,"column":null}},"line":189},"20":{"name":"(anonymous_20)","decl":{"start":{"line":194,"column":65},"end":{"line":194,"column":74}},"loc":{"start":{"line":194,"column":83},"end":{"line":197,"column":3}},"line":194},"21":{"name":"renderEntries","decl":{"start":{"line":204,"column":16},"end":{"line":204,"column":30}},"loc":{"start":{"line":204,"column":61},"end":{"line":216,"column":null}},"line":204},"22":{"name":"buildEntryCard","decl":{"start":{"line":218,"column":9},"end":{"line":218,"column":24}},"loc":{"start":{"line":218,"column":58},"end":{"line":252,"column":null}},"line":218},"23":{"name":"renderStats","decl":{"start":{"line":255,"column":16},"end":{"line":255,"column":28}},"loc":{"start":{"line":255,"column":55},"end":{"line":270,"column":null}},"line":255},"24":{"name":"showToast","decl":{"start":{"line":273,"column":16},"end":{"line":273,"column":26}},"loc":{"start":{"line":273,"column":91},"end":{"line":284,"column":null}},"line":273},"25":{"name":"(anonymous_25)","decl":{"start":{"line":280,"column":2},"end":{"line":280,"column":19}},"loc":{"start":{"line":280,"column":19},"end":{"line":283,"column":5}},"line":280},"26":{"name":"(anonymous_26)","decl":{"start":{"line":282,"column":27},"end":{"line":282,"column":49}},"loc":{"start":{"line":282,"column":49},"end":{"line":282,"column":65}},"line":282}},"branchMap":{"0":{"loc":{"start":{"line":47,"column":2},"end":{"line":47,"column":null}},"type":"if","locations":[{"start":{"line":47,"column":2},"end":{"line":47,"column":null}},{"start":{},"end":{}}],"line":47},"1":{"loc":{"start":{"line":81,"column":4},"end":{"line":84,"column":null}},"type":"if","locations":[{"start":{"line":81,"column":4},"end":{"line":84,"column":null}},{"start":{},"end":{}}],"line":81},"2":{"loc":{"start":{"line":98,"column":29},"end":{"line":98,"column":63}},"type":"cond-expr","locations":[{"start":{"line":98,"column":44},"end":{"line":98,"column":56}},{"start":{"line":98,"column":56},"end":{"line":98,"column":63}}],"line":98},"3":{"loc":{"start":{"line":103,"column":29},"end":{"line":103,"column":63}},"type":"cond-expr","locations":[{"start":{"line":103,"column":44},"end":{"line":103,"column":56}},{"start":{"line":103,"column":56},"end":{"line":103,"column":63}}],"line":103},"4":{"loc":{"start":{"line":111,"column":4},"end":{"line":111,"column":null}},"type":"if","locations":[{"start":{"line":111,"column":4},"end":{"line":111,"column":null}},{"start":{},"end":{}}],"line":111},"5":{"loc":{"start":{"line":113,"column":4},"end":{"line":113,"column":null}},"type":"if","locations":[{"start":{"line":113,"column":4},"end":{"line":113,"column":null}},{"start":{},"end":{}}],"line":113},"6":{"loc":{"start":{"line":115,"column":4},"end":{"line":122,"column":null}},"type":"if","locations":[{"start":{"line":115,"column":4},"end":{"line":122,"column":null}},{"start":{"line":117,"column":11},"end":{"line":122,"column":null}}],"line":115},"7":{"loc":{"start":{"line":117,"column":11},"end":{"line":122,"column":null}},"type":"if","locations":[{"start":{"line":117,"column":11},"end":{"line":122,"column":null}},{"start":{"line":120,"column":11},"end":{"line":122,"column":null}}],"line":117},"8":{"loc":{"start":{"line":119,"column":6},"end":{"line":119,"column":null}},"type":"if","locations":[{"start":{"line":119,"column":6},"end":{"line":119,"column":null}},{"start":{},"end":{}}],"line":119},"9":{"loc":{"start":{"line":120,"column":11},"end":{"line":122,"column":null}},"type":"if","locations":[{"start":{"line":120,"column":11},"end":{"line":122,"column":null}},{"start":{},"end":{}}],"line":120},"10":{"loc":{"start":{"line":207,"column":2},"end":{"line":210,"column":null}},"type":"if","locations":[{"start":{"line":207,"column":2},"end":{"line":210,"column":null}},{"start":{},"end":{}}],"line":207},"11":{"loc":{"start":{"line":241,"column":10},"end":{"line":241,"column":null}},"type":"cond-expr","locations":[{"start":{"line":241,"column":27},"end":{"line":241,"column":113}},{"start":{"line":241,"column":113},"end":{"line":241,"column":null}}],"line":241},"12":{"loc":{"start":{"line":244,"column":10},"end":{"line":244,"column":null}},"type":"cond-expr","locations":[{"start":{"line":244,"column":19},"end":{"line":244,"column":135}},{"start":{"line":244,"column":135},"end":{"line":244,"column":null}}],"line":244},"13":{"loc":{"start":{"line":256,"column":2},"end":{"line":260,"column":null}},"type":"if","locations":[{"start":{"line":256,"column":2},"end":{"line":260,"column":null}},{"start":{},"end":{}}],"line":256},"14":{"loc":{"start":{"line":263,"column":20},"end":{"line":263,"column":null}},"type":"cond-expr","locations":[{"start":{"line":263,"column":45},"end":{"line":263,"column":87}},{"start":{"line":263,"column":87},"end":{"line":263,"column":null}}],"line":263},"15":{"loc":{"start":{"line":264,"column":20},"end":{"line":264,"column":null}},"type":"cond-expr","locations":[{"start":{"line":264,"column":45},"end":{"line":264,"column":87}},{"start":{"line":264,"column":87},"end":{"line":264,"column":null}}],"line":264},"16":{"loc":{"start":{"line":273,"column":43},"end":{"line":273,"column":91}},"type":"default-arg","locations":[{"start":{"line":273,"column":74},"end":{"line":273,"column":91}}],"line":273}},"s":{"0":1,"1":1,"2":1,"3":322,"4":322,"5":0,"6":322,"7":23,"8":23,"9":23,"10":23,"11":23,"12":23,"13":23,"14":23,"15":23,"16":23,"17":23,"18":23,"19":23,"20":23,"21":23,"22":23,"23":23,"24":1,"25":23,"26":2,"27":2,"28":1,"29":1,"30":1,"31":23,"32":1,"33":1,"34":23,"35":1,"36":1,"37":23,"38":1,"39":1,"40":23,"41":5,"42":5,"43":5,"44":0,"45":5,"46":5,"47":0,"48":5,"49":1,"50":4,"51":2,"52":2,"53":2,"54":2,"55":2,"56":23,"57":23,"58":115,"59":115,"60":115,"61":115,"62":115,"63":115,"64":115,"65":115,"66":2,"67":115,"68":4,"69":4,"70":20,"71":20,"72":20,"73":23,"74":115,"75":115,"76":115,"77":115,"78":1,"79":1,"80":1,"81":2,"82":2,"83":2,"84":2,"85":2,"86":2,"87":2,"88":2,"89":2,"90":2,"91":1,"92":1,"93":25,"94":25,"95":25,"96":25,"97":25,"98":125,"99":125,"100":25,"101":25,"102":25,"103":5,"104":5,"105":1,"106":1,"107":4,"108":4,"109":6,"110":6,"111":6,"112":6,"113":6,"114":6,"115":6,"116":6,"117":6,"118":6,"119":6,"120":2,"121":1,"122":1,"123":1,"124":1,"125":1,"126":2,"127":2,"128":4,"129":4,"130":4,"131":4,"132":4,"133":4,"134":1,"135":1,"136":1},"f":{"0":322,"1":23,"2":1,"3":2,"4":1,"5":1,"6":1,"7":5,"8":23,"9":115,"10":2,"11":4,"12":20,"13":23,"14":115,"15":1,"16":1,"17":2,"18":1,"19":25,"20":125,"21":5,"22":6,"23":2,"24":4,"25":1,"26":1},"b":{"0":[0,322],"1":[1,1],"2":[0,1],"3":[1,0],"4":[0,5],"5":[0,5],"6":[1,4],"7":[2,2],"8":[2,0],"9":[2,0],"10":[1,4],"11":[1,5],"12":[1,5],"13":[1,1],"14":[1,0],"15":[1,0],"16":[4]},"meta":{"lastBranch":17,"lastFunction":27,"lastStatement":137,"seen":{"s:10:23:10:Infinity":0,"s:42:32:42:Infinity":1,"s:43:31:43:Infinity":2,"f:45:9:45:37":0,"s:46:18:46:Infinity":3,"b:47:2:47:Infinity:undefined:undefined:undefined:undefined":0,"s:47:2:47:Infinity":4,"s:47:16:47:Infinity":5,"s:48:2:48:Infinity":6,"f:56:16:56:23":1,"s:57:2:57:Infinity":7,"s:58:2:58:Infinity":8,"s:59:2:59:Infinity":9,"s:60:2:60:Infinity":10,"s:61:2:61:Infinity":11,"s:62:2:62:Infinity":12,"s:63:2:63:Infinity":13,"s:64:2:64:Infinity":14,"s:65:2:65:Infinity":15,"s:66:2:66:Infinity":16,"s:67:2:67:Infinity":17,"s:68:2:68:Infinity":18,"s:69:2:69:Infinity":19,"s:70:2:70:Infinity":20,"s:72:2:72:Infinity":21,"s:73:2:73:Infinity":22,"s:75:2:77:Infinity":23,"f:75:32:75:47":2,"s:76:4:76:Infinity":24,"s:79:2:89:Infinity":25,"f:79:24:79:35":3,"s:80:4:80:Infinity":26,"b:81:4:84:Infinity:undefined:undefined:undefined:undefined":1,"s:81:4:84:Infinity":27,"s:82:6:82:Infinity":28,"s:83:6:83:Infinity":29,"s:85:4:88:Infinity":30,"s:91:2:94:Infinity":31,"f:91:32:91:47":4,"s:92:4:92:Infinity":32,"s:93:4:93:Infinity":33,"s:96:2:99:Infinity":34,"f:96:30:96:46":5,"s:97:18:97:Infinity":35,"s:98:4:98:Infinity":36,"b:98:44:98:56:98:56:98:63":2,"s:101:2:104:Infinity":37,"f:101:31:101:46":6,"s:102:18:102:Infinity":38,"s:103:4:103:Infinity":39,"b:103:44:103:56:103:56:103:63":3,"s:108:2:123:Infinity":40,"f:108:31:108:41":7,"s:109:19:109:Infinity":41,"s:110:17:110:Infinity":42,"b:111:4:111:Infinity:undefined:undefined:undefined:undefined":4,"s:111:4:111:Infinity":43,"s:111:15:111:Infinity":44,"s:112:15:112:Infinity":45,"b:113:4:113:Infinity:undefined:undefined:undefined:undefined":5,"s:113:4:113:Infinity":46,"s:113:13:113:Infinity":47,"b:115:4:122:Infinity:117:11:122:Infinity":6,"s:115:4:122:Infinity":48,"s:116:6:116:Infinity":49,"b:117:11:122:Infinity:120:11:122:Infinity":7,"s:117:11:122:Infinity":50,"s:118:20:118:Infinity":51,"b:119:6:119:Infinity:undefined:undefined:undefined:undefined":8,"s:119:6:119:Infinity":52,"s:119:17:119:Infinity":53,"b:120:11:122:Infinity:undefined:undefined:undefined:undefined":9,"s:120:11:122:Infinity":54,"s:121:6:121:Infinity":55,"f:126:9:126:35":8,"s:127:2:127:Infinity":56,"s:128:2:138:Infinity":57,"f:128:37:128:46":9,"s:129:17:129:Infinity":58,"s:130:19:130:Infinity":59,"s:131:4:131:Infinity":60,"s:132:4:132:Infinity":61,"s:133:4:133:Infinity":62,"s:134:4:134:Infinity":63,"s:135:4:135:Infinity":64,"s:136:4:136:Infinity":65,"f:136:28:136:43":10,"s:136:43:136:59":66,"s:137:4:137:Infinity":67,"f:141:9:141:20":11,"s:142:2:142:Infinity":68,"s:143:2:147:Infinity":69,"f:143:65:143:74":12,"s:144:21:144:Infinity":70,"s:145:4:145:Infinity":71,"s:146:4:146:Infinity":72,"f:150:9:150:40":13,"s:151:2:156:Infinity":73,"f:151:37:151:46":14,"s:152:19:152:Infinity":74,"s:153:4:153:Infinity":75,"s:154:4:154:Infinity":76,"s:155:4:155:Infinity":77,"f:159:9:159:22":15,"s:160:2:160:Infinity":78,"s:161:2:167:Infinity":79,"f:162:4:162:Infinity":16,"s:164:6:164:Infinity":80,"f:170:9:170:23":17,"s:171:2:171:Infinity":81,"s:172:2:172:Infinity":82,"s:173:2:173:Infinity":83,"s:174:2:174:Infinity":84,"s:175:2:175:Infinity":85,"s:176:2:176:Infinity":86,"s:177:2:177:Infinity":87,"s:178:2:178:Infinity":88,"s:179:2:179:Infinity":89,"s:180:2:180:Infinity":90,"f:183:9:183:30":18,"s:184:2:184:Infinity":91,"s:185:2:185:Infinity":92,"f:189:16:189:34":19,"s:190:2:190:Infinity":93,"s:191:2:191:Infinity":94,"s:192:2:192:Infinity":95,"s:193:2:193:Infinity":96,"s:194:2:197:Infinity":97,"f:194:65:194:74":20,"s:195:4:195:Infinity":98,"s:196:4:196:Infinity":99,"s:198:2:198:Infinity":100,"s:199:2:199:Infinity":101,"s:200:2:200:Infinity":102,"f:204:16:204:30":21,"s:205:2:205:Infinity":103,"b:207:2:210:Infinity:undefined:undefined:undefined:undefined":10,"s:207:2:210:Infinity":104,"s:208:4:208:Infinity":105,"s:209:4:209:Infinity":106,"s:211:2:211:Infinity":107,"s:213:2:215:Infinity":108,"s:214:4:214:Infinity":109,"f:218:9:218:24":22,"s:219:15:219:Infinity":110,"s:220:15:220:Infinity":111,"s:221:2:221:Infinity":112,"s:222:2:222:Infinity":113,"s:224:17:224:Infinity":114,"s:225:20:225:Infinity":115,"s:226:22:226:Infinity":116,"s:227:18:227:Infinity":117,"s:229:2:244:Infinity":118,"b:241:27:241:113:241:113:241:Infinity":11,"b:244:19:244:135:244:135:244:Infinity":12,"s:251:2:251:Infinity":119,"f:255:16:255:28":23,"b:256:2:260:Infinity:undefined:undefined:undefined:undefined":13,"s:256:2:260:Infinity":120,"s:257:4:257:Infinity":121,"s:258:4:258:Infinity":122,"s:259:4:259:Infinity":123,"s:261:2:261:Infinity":124,"s:263:20:263:Infinity":125,"b:263:45:263:87:263:87:263:Infinity":14,"s:264:20:264:Infinity":126,"b:264:45:264:87:264:87:264:Infinity":15,"s:266:2:268:Infinity":127,"f:273:16:273:26":24,"b:273:74:273:91":16,"s:274:16:274:Infinity":128,"s:275:2:275:Infinity":129,"s:276:2:276:Infinity":130,"s:277:2:277:Infinity":131,"s:278:2:278:Infinity":132,"s:280:2:283:Infinity":133,"f:280:2:280:19":25,"s:281:4:281:Infinity":134,"s:282:4:282:Infinity":135,"f:282:27:282:49":26,"s:282:49:282:65":136},"fnNames":{}}}
,"C:\\Users\\Amalitech\\Desktop\\LABS\\Amalitech-Apprenticeship-specialization-labs\\FEM05_TYPESCRIPT\\src\\utils.ts": {"path":"C:\\Users\\Amalitech\\Desktop\\LABS\\Amalitech-Apprenticeship-specialization-labs\\FEM05_TYPESCRIPT\\src\\utils.ts","statementMap":{"0":{"start":{"line":13,"column":2},"end":{"line":13,"column":null}},"1":{"start":{"line":13,"column":29},"end":{"line":13,"column":48}},"2":{"start":{"line":20,"column":2},"end":{"line":20,"column":null}},"3":{"start":{"line":27,"column":2},"end":{"line":33,"column":null}},"4":{"start":{"line":40,"column":2},"end":{"line":40,"column":null}},"5":{"start":{"line":40,"column":32},"end":{"line":40,"column":null}},"6":{"start":{"line":41,"column":2},"end":{"line":41,"column":null}},"7":{"start":{"line":50,"column":14},"end":{"line":50,"column":null}},"8":{"start":{"line":51,"column":2},"end":{"line":51,"column":null}},"9":{"start":{"line":52,"column":2},"end":{"line":52,"column":null}},"10":{"start":{"line":64,"column":2},"end":{"line":67,"column":null}},"11":{"start":{"line":65,"column":4},"end":{"line":65,"column":null}},"12":{"start":{"line":65,"column":33},"end":{"line":65,"column":null}},"13":{"start":{"line":66,"column":4},"end":{"line":66,"column":null}},"14":{"start":{"line":66,"column":33},"end":{"line":66,"column":46}}},"fnMap":{"0":{"name":"findByProperty","decl":{"start":{"line":12,"column":16},"end":{"line":12,"column":34}},"loc":{"start":{"line":12,"column":93},"end":{"line":14,"column":null}},"line":12},"1":{"name":"(anonymous_1)","decl":{"start":{"line":13,"column":14},"end":{"line":13,"column":20}},"loc":{"start":{"line":13,"column":29},"end":{"line":13,"column":48}},"line":13},"2":{"name":"generateId","decl":{"start":{"line":19,"column":16},"end":{"line":19,"column":37}},"loc":{"start":{"line":19,"column":37},"end":{"line":21,"column":null}},"line":19},"3":{"name":"formatDate","decl":{"start":{"line":26,"column":16},"end":{"line":26,"column":27}},"loc":{"start":{"line":26,"column":54},"end":{"line":34,"column":null}},"line":26},"4":{"name":"truncate","decl":{"start":{"line":39,"column":16},"end":{"line":39,"column":25}},"loc":{"start":{"line":39,"column":66},"end":{"line":42,"column":null}},"line":39},"5":{"name":"escapeHtml","decl":{"start":{"line":49,"column":16},"end":{"line":49,"column":27}},"loc":{"start":{"line":49,"column":50},"end":{"line":53,"column":null}},"line":49},"6":{"name":"debounce","decl":{"start":{"line":59,"column":16},"end":{"line":59,"column":null}},"loc":{"start":{"line":62,"column":27},"end":{"line":68,"column":null}},"line":62},"7":{"name":"(anonymous_7)","decl":{"start":{"line":64,"column":2},"end":{"line":64,"column":10}},"loc":{"start":{"line":64,"column":34},"end":{"line":67,"column":null}},"line":64},"8":{"name":"(anonymous_8)","decl":{"start":{"line":66,"column":16},"end":{"line":66,"column":33}},"loc":{"start":{"line":66,"column":33},"end":{"line":66,"column":46}},"line":66}},"branchMap":{"0":{"loc":{"start":{"line":40,"column":2},"end":{"line":40,"column":null}},"type":"if","locations":[{"start":{"line":40,"column":2},"end":{"line":40,"column":null}},{"start":{},"end":{}}],"line":40},"1":{"loc":{"start":{"line":65,"column":4},"end":{"line":65,"column":null}},"type":"if","locations":[{"start":{"line":65,"column":4},"end":{"line":65,"column":null}},{"start":{},"end":{}}],"line":65}},"s":{"0":6,"1":6,"2":56,"3":10,"4":10,"5":7,"6":3,"7":21,"8":21,"9":21,"10":4,"11":7,"12":3,"13":7,"14":3},"f":{"0":6,"1":6,"2":56,"3":10,"4":10,"5":21,"6":4,"7":7,"8":3},"b":{"0":[7,3],"1":[3,4]},"meta":{"lastBranch":2,"lastFunction":9,"lastStatement":15,"seen":{"f:12:16:12:34":0,"s:13:2:13:Infinity":0,"f:13:14:13:20":1,"s:13:29:13:48":1,"f:19:16:19:37":2,"s:20:2:20:Infinity":2,"f:26:16:26:27":3,"s:27:2:33:Infinity":3,"f:39:16:39:25":4,"b:40:2:40:Infinity:undefined:undefined:undefined:undefined":0,"s:40:2:40:Infinity":4,"s:40:32:40:Infinity":5,"s:41:2:41:Infinity":6,"f:49:16:49:27":5,"s:50:14:50:Infinity":7,"s:51:2:51:Infinity":8,"s:52:2:52:Infinity":9,"f:59:16:59:Infinity":6,"s:64:2:67:Infinity":10,"f:64:2:64:10":7,"b:65:4:65:Infinity:undefined:undefined:undefined:undefined":1,"s:65:4:65:Infinity":11,"s:65:33:65:Infinity":12,"s:66:4:66:Infinity":13,"f:66:16:66:33":8,"s:66:33:66:46":14},"fnNames":{}}}
}
